<?xml version="1.0" encoding="UTF-8"?>
<testng-results ignored="0" total="4" passed="4" failed="0" skipped="0">
  <reporter-output>
  </reporter-output>
  <suite started-at="2025-09-20T14:24:09 IST" name="Default suite" finished-at="2025-09-20T14:24:41 IST" duration-ms="31850">
    <groups>
    </groups>
    <test started-at="2025-09-20T14:24:09 IST" name="Default test" finished-at="2025-09-20T14:24:41 IST" duration-ms="31850">
      <class name="playwrightLearning.AddIssueFlow">
        <test-method is-config="true" signature="setUp()[pri:0, instance:playwrightLearning.AddIssueFlow@306f16f3]" started-at="2025-09-20T14:24:09 IST" name="setUp" finished-at="2025-09-20T14:24:33 IST" duration-ms="24298" status="PASS">
          <reporter-output>
          </reporter-output>
        </test-method> <!-- setUp -->
        <test-method signature="loginAsUser()[pri:1, instance:playwrightLearning.AddIssueFlow@306f16f3]" started-at="2025-09-20T14:24:33 IST" name="loginAsUser" finished-at="2025-09-20T14:24:39 IST" duration-ms="6300" status="PASS">
          <reporter-output>
          </reporter-output>
        </test-method> <!-- loginAsUser -->
        <test-method signature="navigateToTimesheetTab()[pri:2, instance:playwrightLearning.AddIssueFlow@306f16f3]" started-at="2025-09-20T14:24:39 IST" name="navigateToTimesheetTab" finished-at="2025-09-20T14:24:40 IST" duration-ms="346" status="PASS">
          <reporter-output>
          </reporter-output>
        </test-method> <!-- navigateToTimesheetTab -->
        <test-method signature="openAddTimeLogModal()[pri:3, instance:playwrightLearning.AddIssueFlow@306f16f3]" started-at="2025-09-20T14:24:40 IST" name="openAddTimeLogModal" finished-at="2025-09-20T14:24:40 IST" duration-ms="345" status="PASS">
          <reporter-output>
          </reporter-output>
        </test-method> <!-- openAddTimeLogModal -->
        <test-method signature="validateAddButtonWithoutProjectSelection()[pri:4, instance:playwrightLearning.AddIssueFlow@306f16f3]" started-at="2025-09-20T14:24:40 IST" name="validateAddButtonWithoutProjectSelection" finished-at="2025-09-20T14:24:41 IST" duration-ms="456" status="PASS">
          <reporter-output>
          </reporter-output>
        </test-method> <!-- validateAddButtonWithoutProjectSelection -->
      </class> <!-- playwrightLearning.AddIssueFlow -->
    </test> <!-- Default test -->
  </suite> <!-- Default suite -->
</testng-results>
