<?xml version="1.0" encoding="UTF-8"?>
<!-- Generated by org.testng.reporters.JUnitReportReporter -->
<testsuite hostname="DESKTOP-O2UDVQ2" failures="0" tests="2" name="playwrightLearning.Addtimesheetflow" time="36.792" errors="2" timestamp="2025-09-17T11:56:25 IST" skipped="0">
  <testcase classname="playwrightLearning.Addtimesheetflow" name="addLogHours_successFlow" time="6.449">
    <error message="Error {
  message=&#039;Error: strict mode violation: locator(&quot;//div[contains(., &#039;Total Log Hours&#039;)]&quot;) resolved to 8 elements:
    1) &lt;div id=&quot;root&quot;&gt;…&lt;/div&gt; aka locator(&quot;#root&quot;)
    2) &lt;div class=&quot;MuiBox-root css-ukhocy&quot;&gt;…&lt;/div&gt; aka getByText(&quot;DashboardProjectsTasksMilestonesIssuesTimesheetSettingsTimesheet00My&quot;)
    3) &lt;div class=&quot; mx-2 &quot;&gt;…&lt;/div&gt; aka locator(&quot;div&quot;).filter(new Locator.FilterOptions().setHasText(&quot;My TimesheetsSep 17, 2025Add Log HoursActionTaskProject NameDaily Log&quot;)).nth(2)
    4) &lt;div class=&quot; bg-white&quot;&gt;…&lt;/div&gt; aka locator(&quot;div&quot;).filter(new Locator.FilterOptions().setHasText(&quot;My TimesheetsSep 17, 2025Add Log HoursActionTaskProject NameDaily Log&quot;)).nth(3)
    5) &lt;div class=&quot;MuiBox-root css-0&quot;&gt;…&lt;/div&gt; aka getByText(&quot;My TimesheetsSep 17, 2025Add Log HoursActionTaskProject NameDaily Log&quot;)
    6) &lt;div class=&quot;MuiDataGrid-root MuiDataGrid-autoHeight MuiDataGrid-root--densityStandard MuiDataGrid-root--noToolbar MuiDataGrid-withBorderColor css-j0are7&quot;&gt;…&lt;/div&gt; aka getByText(&quot;ActionTaskProject NameDaily Log HoursUserDateTime PeriodNotesNo data foundTotal&quot;)
    7) &lt;div class=&quot;MuiDataGrid-footerContainer MuiDataGrid-withBorderColor css-5n0k77&quot;&gt;…&lt;/div&gt; aka getByText(&quot;Total Log Hours: 00:00Rows&quot;)
    8) &lt;div class=&quot;MuiBox-root css-cyir8i&quot;&gt;…&lt;/div&gt; aka locator(&quot;div&quot;).filter(new Locator.FilterOptions().setHasText(Pattern.compile(&quot;^Total Log Hours: 00:00$&quot;)))

  name=&#039;Error
  stack=&#039;Error: Error: strict mode violation: locator(&quot;//div[contains(., &#039;Total Log Hours&#039;)]&quot;) resolved to 8 elements:
    1) &lt;div id=&quot;root&quot;&gt;…&lt;/div&gt; aka locator(&quot;#root&quot;)
    2) &lt;div class=&quot;MuiBox-root css-ukhocy&quot;&gt;…&lt;/div&gt; aka getByText(&quot;DashboardProjectsTasksMilestonesIssuesTimesheetSettingsTimesheet00My&quot;)
    3) &lt;div class=&quot; mx-2 &quot;&gt;…&lt;/div&gt; aka locator(&quot;div&quot;).filter(new Locator.FilterOptions().setHasText(&quot;My TimesheetsSep 17, 2025Add Log HoursActionTaskProject NameDaily Log&quot;)).nth(2)
    4) &lt;div class=&quot; bg-white&quot;&gt;…&lt;/div&gt; aka locator(&quot;div&quot;).filter(new Locator.FilterOptions().setHasText(&quot;My TimesheetsSep 17, 2025Add Log HoursActionTaskProject NameDaily Log&quot;)).nth(3)
    5) &lt;div class=&quot;MuiBox-root css-0&quot;&gt;…&lt;/div&gt; aka getByText(&quot;My TimesheetsSep 17, 2025Add Log HoursActionTaskProject NameDaily Log&quot;)
    6) &lt;div class=&quot;MuiDataGrid-root MuiDataGrid-autoHeight MuiDataGrid-root--densityStandard MuiDataGrid-root--noToolbar MuiDataGrid-withBorderColor css-j0are7&quot;&gt;…&lt;/div&gt; aka getByText(&quot;ActionTaskProject NameDaily Log HoursUserDateTime PeriodNotesNo data foundTotal&quot;)
    7) &lt;div class=&quot;MuiDataGrid-footerContainer MuiDataGrid-withBorderColor css-5n0k77&quot;&gt;…&lt;/div&gt; aka getByText(&quot;Total Log Hours: 00:00Rows&quot;)
    8) &lt;div class=&quot;MuiBox-root css-cyir8i&quot;&gt;…&lt;/div&gt; aka locator(&quot;div&quot;).filter(new Locator.FilterOptions().setHasText(Pattern.compile(&quot;^Total Log Hours: 00:00$&quot;)))

    at CRExecutionContext.evaluateWithArguments (C:\Users\AVITA\AppData\Local\Temp\playwright-java-1851111476664547840\package\lib\server\chromium\crExecutionContext.js:92:33)
    at async LongStandingScope._race (C:\Users\AVITA\AppData\Local\Temp\playwright-java-1851111476664547840\package\lib\utils\manualPromise.js:96:14)
    at async evaluateExpression (C:\Users\AVITA\AppData\Local\Temp\playwright-java-1851111476664547840\package\lib\server\javascript.js:242:12)
    at async C:\Users\AVITA\AppData\Local\Temp\playwright-java-1851111476664547840\package\lib\server\frames.js:1474:13
    at async Frame.retryWithProgressAndTimeouts (C:\Users\AVITA\AppData\Local\Temp\playwright-java-1851111476664547840\package\lib\server\frames.js:929:24)
    at async ProgressController.run (C:\Users\AVITA\AppData\Local\Temp\playwright-java-1851111476664547840\package\lib\server\progress.js:82:22)
    at async FrameDispatcher.textContent (C:\Users\AVITA\AppData\Local\Temp\playwright-java-1851111476664547840\package\lib\server\dispatchers\frameDispatcher.js:178:19)
    at async LongStandingScope._race (C:\Users\AVITA\AppData\Local\Temp\playwright-java-1851111476664547840\package\lib\utils\manualPromise.js:96:14)
    at async FrameDispatcher._handleCommand (C:\Users\AVITA\AppData\Local\Temp\playwright-java-1851111476664547840\package\lib\server\dispatchers\dispatcher.js:96:14)
    at async DispatcherConnection.dispatch (C:\Users\AVITA\AppData\Local\Temp\playwright-java-1851111476664547840\package\lib\server\dispatchers\dispatcher.js:361:22)
}
Call log:
- waiting for locator(&quot;//div[contains(., &#039;Total Log Hours&#039;)]&quot;)
" type="com.microsoft.playwright.PlaywrightException">
      <![CDATA[com.microsoft.playwright.PlaywrightException: Error {
  message='Error: strict mode violation: locator("//div[contains(., 'Total Log Hours')]") resolved to 8 elements:
    1) <div id="root">…</div> aka locator("#root")
    2) <div class="MuiBox-root css-ukhocy">…</div> aka getByText("DashboardProjectsTasksMilestonesIssuesTimesheetSettingsTimesheet00My")
    3) <div class=" mx-2 ">…</div> aka locator("div").filter(new Locator.FilterOptions().setHasText("My TimesheetsSep 17, 2025Add Log HoursActionTaskProject NameDaily Log")).nth(2)
    4) <div class=" bg-white">…</div> aka locator("div").filter(new Locator.FilterOptions().setHasText("My TimesheetsSep 17, 2025Add Log HoursActionTaskProject NameDaily Log")).nth(3)
    5) <div class="MuiBox-root css-0">…</div> aka getByText("My TimesheetsSep 17, 2025Add Log HoursActionTaskProject NameDaily Log")
    6) <div class="MuiDataGrid-root MuiDataGrid-autoHeight MuiDataGrid-root--densityStandard MuiDataGrid-root--noToolbar MuiDataGrid-withBorderColor css-j0are7">…</div> aka getByText("ActionTaskProject NameDaily Log HoursUserDateTime PeriodNotesNo data foundTotal")
    7) <div class="MuiDataGrid-footerContainer MuiDataGrid-withBorderColor css-5n0k77">…</div> aka getByText("Total Log Hours: 00:00Rows")
    8) <div class="MuiBox-root css-cyir8i">…</div> aka locator("div").filter(new Locator.FilterOptions().setHasText(Pattern.compile("^Total Log Hours: 00:00$")))

  name='Error
  stack='Error: Error: strict mode violation: locator("//div[contains(., 'Total Log Hours')]") resolved to 8 elements:
    1) <div id="root">…</div> aka locator("#root")
    2) <div class="MuiBox-root css-ukhocy">…</div> aka getByText("DashboardProjectsTasksMilestonesIssuesTimesheetSettingsTimesheet00My")
    3) <div class=" mx-2 ">…</div> aka locator("div").filter(new Locator.FilterOptions().setHasText("My TimesheetsSep 17, 2025Add Log HoursActionTaskProject NameDaily Log")).nth(2)
    4) <div class=" bg-white">…</div> aka locator("div").filter(new Locator.FilterOptions().setHasText("My TimesheetsSep 17, 2025Add Log HoursActionTaskProject NameDaily Log")).nth(3)
    5) <div class="MuiBox-root css-0">…</div> aka getByText("My TimesheetsSep 17, 2025Add Log HoursActionTaskProject NameDaily Log")
    6) <div class="MuiDataGrid-root MuiDataGrid-autoHeight MuiDataGrid-root--densityStandard MuiDataGrid-root--noToolbar MuiDataGrid-withBorderColor css-j0are7">…</div> aka getByText("ActionTaskProject NameDaily Log HoursUserDateTime PeriodNotesNo data foundTotal")
    7) <div class="MuiDataGrid-footerContainer MuiDataGrid-withBorderColor css-5n0k77">…</div> aka getByText("Total Log Hours: 00:00Rows")
    8) <div class="MuiBox-root css-cyir8i">…</div> aka locator("div").filter(new Locator.FilterOptions().setHasText(Pattern.compile("^Total Log Hours: 00:00$")))

    at CRExecutionContext.evaluateWithArguments (C:\Users\AVITA\AppData\Local\Temp\playwright-java-1851111476664547840\package\lib\server\chromium\crExecutionContext.js:92:33)
    at async LongStandingScope._race (C:\Users\AVITA\AppData\Local\Temp\playwright-java-1851111476664547840\package\lib\utils\manualPromise.js:96:14)
    at async evaluateExpression (C:\Users\AVITA\AppData\Local\Temp\playwright-java-1851111476664547840\package\lib\server\javascript.js:242:12)
    at async C:\Users\AVITA\AppData\Local\Temp\playwright-java-1851111476664547840\package\lib\server\frames.js:1474:13
    at async Frame.retryWithProgressAndTimeouts (C:\Users\AVITA\AppData\Local\Temp\playwright-java-1851111476664547840\package\lib\server\frames.js:929:24)
    at async ProgressController.run (C:\Users\AVITA\AppData\Local\Temp\playwright-java-1851111476664547840\package\lib\server\progress.js:82:22)
    at async FrameDispatcher.textContent (C:\Users\AVITA\AppData\Local\Temp\playwright-java-1851111476664547840\package\lib\server\dispatchers\frameDispatcher.js:178:19)
    at async LongStandingScope._race (C:\Users\AVITA\AppData\Local\Temp\playwright-java-1851111476664547840\package\lib\utils\manualPromise.js:96:14)
    at async FrameDispatcher._handleCommand (C:\Users\AVITA\AppData\Local\Temp\playwright-java-1851111476664547840\package\lib\server\dispatchers\dispatcher.js:96:14)
    at async DispatcherConnection.dispatch (C:\Users\AVITA\AppData\Local\Temp\playwright-java-1851111476664547840\package\lib\server\dispatchers\dispatcher.js:361:22)
}
Call log:
- waiting for locator("//div[contains(., 'Total Log Hours')]")

at com.microsoft.playwright.impl.WaitableResult.get(WaitableResult.java:56)
at com.microsoft.playwright.impl.ChannelOwner.runUntil(ChannelOwner.java:120)
at com.microsoft.playwright.impl.Connection.sendMessage(Connection.java:130)
at com.microsoft.playwright.impl.ChannelOwner.sendMessage(ChannelOwner.java:106)
at com.microsoft.playwright.impl.FrameImpl.textContentImpl(FrameImpl.java:818)
at com.microsoft.playwright.impl.FrameImpl.lambda$textContent$38(FrameImpl.java:809)
at com.microsoft.playwright.impl.LoggingSupport.withLogging(LoggingSupport.java:47)
at com.microsoft.playwright.impl.ChannelOwner.withLogging(ChannelOwner.java:89)
at com.microsoft.playwright.impl.FrameImpl.textContent(FrameImpl.java:809)
at com.microsoft.playwright.impl.LocatorImpl.textContent(LocatorImpl.java:591)
at com.microsoft.playwright.Locator.textContent(Locator.java:5179)
at playwrightLearning.Addtimesheetflow.getTotalMinutes(Addtimesheetflow.java:38)
at playwrightLearning.Addtimesheetflow.addLogHours_successFlow(Addtimesheetflow.java:93)
at java.base/jdk.internal.reflect.DirectMethodHandleAccessor.invoke(DirectMethodHandleAccessor.java:103)
at java.base/java.lang.reflect.Method.invoke(Method.java:580)
at org.testng.internal.invokers.MethodInvocationHelper.invokeMethod(MethodInvocationHelper.java:141)
at org.testng.internal.invokers.TestInvoker.invokeMethod(TestInvoker.java:686)
at org.testng.internal.invokers.TestInvoker.invokeTestMethod(TestInvoker.java:230)
at org.testng.internal.invokers.MethodRunner.runInSequence(MethodRunner.java:63)
at org.testng.internal.invokers.TestInvoker$MethodInvocationAgent.invoke(TestInvoker.java:992)
at org.testng.internal.invokers.TestInvoker.invokeTestMethods(TestInvoker.java:203)
at org.testng.internal.invokers.TestMethodWorker.invokeTestMethods(TestMethodWorker.java:154)
at org.testng.internal.invokers.TestMethodWorker.run(TestMethodWorker.java:134)
at java.base/java.util.ArrayList.forEach(ArrayList.java:1596)
at org.testng.TestRunner.privateRun(TestRunner.java:739)
at org.testng.TestRunner.run(TestRunner.java:614)
at org.testng.SuiteRunner.runTest(SuiteRunner.java:421)
at org.testng.SuiteRunner.runSequentially(SuiteRunner.java:413)
at org.testng.SuiteRunner.privateRun(SuiteRunner.java:373)
at org.testng.SuiteRunner.run(SuiteRunner.java:312)
at org.testng.SuiteRunnerWorker.runSuite(SuiteRunnerWorker.java:52)
at org.testng.SuiteRunnerWorker.run(SuiteRunnerWorker.java:95)
at org.testng.TestNG.runSuitesSequentially(TestNG.java:1274)
at org.testng.TestNG.runSuitesLocally(TestNG.java:1208)
at org.testng.TestNG.runSuites(TestNG.java:1112)
at org.testng.TestNG.run(TestNG.java:1079)
at org.testng.remote.AbstractRemoteTestNG.run(AbstractRemoteTestNG.java:115)
at org.testng.remote.RemoteTestNG.initAndRun(RemoteTestNG.java:293)
at org.testng.remote.RemoteTestNG.main(RemoteTestNG.java:91)
Caused by: com.microsoft.playwright.impl.DriverException: Error {
  message='Error: strict mode violation: locator("//div[contains(., 'Total Log Hours')]") resolved to 8 elements:
    1) <div id="root">…</div> aka locator("#root")
    2) <div class="MuiBox-root css-ukhocy">…</div> aka getByText("DashboardProjectsTasksMilestonesIssuesTimesheetSettingsTimesheet00My")
    3) <div class=" mx-2 ">…</div> aka locator("div").filter(new Locator.FilterOptions().setHasText("My TimesheetsSep 17, 2025Add Log HoursActionTaskProject NameDaily Log")).nth(2)
    4) <div class=" bg-white">…</div> aka locator("div").filter(new Locator.FilterOptions().setHasText("My TimesheetsSep 17, 2025Add Log HoursActionTaskProject NameDaily Log")).nth(3)
    5) <div class="MuiBox-root css-0">…</div> aka getByText("My TimesheetsSep 17, 2025Add Log HoursActionTaskProject NameDaily Log")
    6) <div class="MuiDataGrid-root MuiDataGrid-autoHeight MuiDataGrid-root--densityStandard MuiDataGrid-root--noToolbar MuiDataGrid-withBorderColor css-j0are7">…</div> aka getByText("ActionTaskProject NameDaily Log HoursUserDateTime PeriodNotesNo data foundTotal")
    7) <div class="MuiDataGrid-footerContainer MuiDataGrid-withBorderColor css-5n0k77">…</div> aka getByText("Total Log Hours: 00:00Rows")
    8) <div class="MuiBox-root css-cyir8i">…</div> aka locator("div").filter(new Locator.FilterOptions().setHasText(Pattern.compile("^Total Log Hours: 00:00$")))

  name='Error
  stack='Error: Error: strict mode violation: locator("//div[contains(., 'Total Log Hours')]") resolved to 8 elements:
    1) <div id="root">…</div> aka locator("#root")
    2) <div class="MuiBox-root css-ukhocy">…</div> aka getByText("DashboardProjectsTasksMilestonesIssuesTimesheetSettingsTimesheet00My")
    3) <div class=" mx-2 ">…</div> aka locator("div").filter(new Locator.FilterOptions().setHasText("My TimesheetsSep 17, 2025Add Log HoursActionTaskProject NameDaily Log")).nth(2)
    4) <div class=" bg-white">…</div> aka locator("div").filter(new Locator.FilterOptions().setHasText("My TimesheetsSep 17, 2025Add Log HoursActionTaskProject NameDaily Log")).nth(3)
    5) <div class="MuiBox-root css-0">…</div> aka getByText("My TimesheetsSep 17, 2025Add Log HoursActionTaskProject NameDaily Log")
    6) <div class="MuiDataGrid-root MuiDataGrid-autoHeight MuiDataGrid-root--densityStandard MuiDataGrid-root--noToolbar MuiDataGrid-withBorderColor css-j0are7">…</div> aka getByText("ActionTaskProject NameDaily Log HoursUserDateTime PeriodNotesNo data foundTotal")
    7) <div class="MuiDataGrid-footerContainer MuiDataGrid-withBorderColor css-5n0k77">…</div> aka getByText("Total Log Hours: 00:00Rows")
    8) <div class="MuiBox-root css-cyir8i">…</div> aka locator("div").filter(new Locator.FilterOptions().setHasText(Pattern.compile("^Total Log Hours: 00:00$")))

    at CRExecutionContext.evaluateWithArguments (C:\Users\AVITA\AppData\Local\Temp\playwright-java-1851111476664547840\package\lib\server\chromium\crExecutionContext.js:92:33)
    at async LongStandingScope._race (C:\Users\AVITA\AppData\Local\Temp\playwright-java-1851111476664547840\package\lib\utils\manualPromise.js:96:14)
    at async evaluateExpression (C:\Users\AVITA\AppData\Local\Temp\playwright-java-1851111476664547840\package\lib\server\javascript.js:242:12)
    at async C:\Users\AVITA\AppData\Local\Temp\playwright-java-1851111476664547840\package\lib\server\frames.js:1474:13
    at async Frame.retryWithProgressAndTimeouts (C:\Users\AVITA\AppData\Local\Temp\playwright-java-1851111476664547840\package\lib\server\frames.js:929:24)
    at async ProgressController.run (C:\Users\AVITA\AppData\Local\Temp\playwright-java-1851111476664547840\package\lib\server\progress.js:82:22)
    at async FrameDispatcher.textContent (C:\Users\AVITA\AppData\Local\Temp\playwright-java-1851111476664547840\package\lib\server\dispatchers\frameDispatcher.js:178:19)
    at async LongStandingScope._race (C:\Users\AVITA\AppData\Local\Temp\playwright-java-1851111476664547840\package\lib\utils\manualPromise.js:96:14)
    at async FrameDispatcher._handleCommand (C:\Users\AVITA\AppData\Local\Temp\playwright-java-1851111476664547840\package\lib\server\dispatchers\dispatcher.js:96:14)
    at async DispatcherConnection.dispatch (C:\Users\AVITA\AppData\Local\Temp\playwright-java-1851111476664547840\package\lib\server\dispatchers\dispatcher.js:361:22)
}
Call log:
- waiting for locator("//div[contains(., 'Total Log Hours')]")

at com.microsoft.playwright.impl.Connection.dispatch(Connection.java:259)
at com.microsoft.playwright.impl.Connection.processOneMessage(Connection.java:211)
at com.microsoft.playwright.impl.ChannelOwner.runUntil(ChannelOwner.java:118)
... 37 more
]]>
    </error>
  </testcase> <!-- addLogHours_successFlow -->
  <testcase classname="playwrightLearning.Addtimesheetflow" name="addLogHours_validationErrors" time="30.343">
    <error message="Error {
  message=&#039;Timeout 30000ms exceeded.
  name=&#039;TimeoutError
  stack=&#039;TimeoutError: Timeout 30000ms exceeded.
    at ProgressController.run (C:\Users\AVITA\AppData\Local\Temp\playwright-java-1851111476664547840\package\lib\server\progress.js:78:26)
    at Frame.click (C:\Users\AVITA\AppData\Local\Temp\playwright-java-1851111476664547840\package\lib\server\frames.js:1013:23)
    at FrameDispatcher.click (C:\Users\AVITA\AppData\Local\Temp\playwright-java-1851111476664547840\package\lib\server\dispatchers\frameDispatcher.js:157:30)
    at FrameDispatcher._handleCommand (C:\Users\AVITA\AppData\Local\Temp\playwright-java-1851111476664547840\package\lib\server\dispatchers\dispatcher.js:94:40)
    at DispatcherConnection.dispatch (C:\Users\AVITA\AppData\Local\Temp\playwright-java-1851111476664547840\package\lib\server\dispatchers\dispatcher.js:361:39)
}
Call log:
- waiting for locator(&quot;button:has-text(&#039;Add&#039;)&quot;)
-   locator resolved to 3 elements. Proceeding with the first one: &lt;button tabindex=&quot;0&quot; type=&quot;button&quot; class=&quot;MuiButtonBase-root MuiButton-root MuiButton-text MuiButton-textPrimary MuiButton-sizeMedium MuiButton-textSizeMedium MuiButton-colorPrimary MuiButton-root MuiButton-text MuiButton-textPrimary MuiButton-sizeMedium MuiButton-textSizeMedium MuiButton-colorPrimary rounded AddButton me-3 ms-2 css-1c69r7k&quot;&gt;…&lt;/button&gt;
- attempting click action
-   waiting for element to be visible, enabled and stable
-   element is visible, enabled and stable
-   scrolling into view if needed
-   done scrolling
-   &lt;div class=&quot;fade offcanvas-backdrop show&quot;&gt;&lt;/div&gt; intercepts pointer events
- retrying click action, attempt #1
-   waiting for element to be visible, enabled and stable
-   element is visible, enabled and stable
-   scrolling into view if needed
-   done scrolling
-   &lt;div class=&quot;fade offcanvas-backdrop show&quot;&gt;&lt;/div&gt; intercepts pointer events
- retrying click action, attempt #2
-   waiting 20ms
-   waiting for element to be visible, enabled and stable
-   element is visible, enabled and stable
-   scrolling into view if needed
-   done scrolling
-   &lt;div class=&quot;MuiBox-root css-9tsni8&quot;&gt;…&lt;/div&gt; from &lt;div role=&quot;dialog&quot; tabindex=&quot;-1&quot; aria-modal=&quot;true&quot; class=&quot;offcanvas offcanvas-end offcanvas-toggling show&quot;&gt;…&lt;/div&gt; subtree intercepts pointer events
- retrying click action, attempt #3
-   waiting 100ms
-   waiting for element to be visible, enabled and stable
-   element is visible, enabled and stable
-   scrolling into view if needed
-   done scrolling
-   &lt;div class=&quot;MuiBox-root css-9tsni8&quot;&gt;…&lt;/div&gt; from &lt;div role=&quot;dialog&quot; tabindex=&quot;-1&quot; aria-modal=&quot;true&quot; class=&quot;offcanvas offcanvas-end offcanvas-toggling show&quot;&gt;…&lt;/div&gt; subtree intercepts pointer events
- retrying click action, attempt #4
-   waiting 100ms
-   waiting for element to be visible, enabled and stable
-   element is visible, enabled and stable
-   scrolling into view if needed
-   done scrolling
-   &lt;div class=&quot;MuiBox-root css-9tsni8&quot;&gt;…&lt;/div&gt; from &lt;div role=&quot;dialog&quot; tabindex=&quot;-1&quot; aria-modal=&quot;true&quot; class=&quot;offcanvas offcanvas-end show&quot;&gt;…&lt;/div&gt; subtree intercepts pointer events
- retrying click action, attempt #5
-   waiting 500ms
-   waiting for element to be visible, enabled and stable
-   element is visible, enabled and stable
-   scrolling into view if needed
-   done scrolling
-   &lt;input value=&quot;&quot; type=&quot;text&quot; id=&quot;project_id&quot; role=&quot;combobox&quot; autocomplete=&quot;off&quot; spellcheck=&quot;false&quot; aria-invalid=&quot;false&quot; aria-expanded=&quot;false&quot; autocapitalize=&quot;none&quot; aria-autocomplete=&quot;list&quot; placeholder=&quot;Select project&quot; class=&quot;MuiInputBase-input MuiOutlinedInput-input MuiInputBase-inputAdornedEnd MuiAutocomplete-input MuiAutocomplete-inputFocused css-qwdxx6&quot;/&gt; from &lt;div role=&quot;dialog&quot; tabindex=&quot;-1&quot; aria-modal=&quot;true&quot; class=&quot;offcanvas offcanvas-end show&quot;&gt;…&lt;/div&gt; subtree intercepts pointer events
- retrying click action, attempt #6
-   waiting 500ms
-   waiting for element to be visible, enabled and stable
-   element is visible, enabled and stable
-   scrolling into view if needed
-   done scrolling
-   &lt;input value=&quot;&quot; type=&quot;text&quot; id=&quot;project_id&quot; role=&quot;combobox&quot; autocomplete=&quot;off&quot; spellcheck=&quot;false&quot; aria-invalid=&quot;false&quot; aria-expanded=&quot;false&quot; autocapitalize=&quot;none&quot; aria-autocomplete=&quot;list&quot; placeholder=&quot;Select project&quot; class=&quot;MuiInputBase-input MuiOutlinedInput-input MuiInputBase-inputAdornedEnd MuiAutocomplete-input MuiAutocomplete-inputFocused css-qwdxx6&quot;/&gt; from &lt;div role=&quot;dialog&quot; tabindex=&quot;-1&quot; aria-modal=&quot;true&quot; class=&quot;offcanvas offcanvas-end show&quot;&gt;…&lt;/div&gt; subtree intercepts pointer events
- retrying click action, attempt #7
-   waiting 500ms
-   waiting for element to be visible, enabled and stable
-   element is visible, enabled and stable
-   scrolling into view if needed
-   done scrolling
-   &lt;input value=&quot;&quot; type=&quot;text&quot; id=&quot;project_id&quot; role=&quot;combobox&quot; autocomplete=&quot;off&quot; spellcheck=&quot;false&quot; aria-invalid=&quot;false&quot; aria-expanded=&quot;false&quot; autocapitalize=&quot;none&quot; aria-autocomplete=&quot;list&quot; placeholder=&quot;Select project&quot; class=&quot;MuiInputBase-input MuiOutlinedInput-input MuiInputBase-inputAdornedEnd MuiAutocomplete-input MuiAutocomplete-inputFocused css-qwdxx6&quot;/&gt; from &lt;div role=&quot;dialog&quot; tabindex=&quot;-1&quot; aria-modal=&quot;true&quot; class=&quot;offcanvas offcanvas-end show&quot;&gt;…&lt;/div&gt; subtree intercepts pointer events
- retrying click action, attempt #8
-   waiting 500ms
-   waiting for element to be visible, enabled and stable
-   element is visible, enabled and stable
-   scrolling into view if needed
-   done scrolling
-   &lt;input value=&quot;&quot; type=&quot;text&quot; id=&quot;project_id&quot; role=&quot;combobox&quot; autocomplete=&quot;off&quot; spellcheck=&quot;false&quot; aria-invalid=&quot;false&quot; aria-expanded=&quot;false&quot; autocapitalize=&quot;none&quot; aria-autocomplete=&quot;list&quot; placeholder=&quot;Select project&quot; class=&quot;MuiInputBase-input MuiOutlinedInput-input MuiInputBase-inputAdornedEnd MuiAutocomplete-input MuiAutocomplete-inputFocused css-qwdxx6&quot;/&gt; from &lt;div role=&quot;dialog&quot; tabindex=&quot;-1&quot; aria-modal=&quot;true&quot; class=&quot;offcanvas offcanvas-end show&quot;&gt;…&lt;/div&gt; subtree intercepts pointer events
- retrying click action, attempt #9
-   waiting 500ms
-   waiting for element to be visible, enabled and stable
-   element is visible, enabled and stable
-   scrolling into view if needed
-   done scrolling
-   &lt;input value=&quot;&quot; type=&quot;text&quot; id=&quot;project_id&quot; role=&quot;combobox&quot; autocomplete=&quot;off&quot; spellcheck=&quot;false&quot; aria-invalid=&quot;false&quot; aria-expanded=&quot;false&quot; autocapitalize=&quot;none&quot; aria-autocomplete=&quot;list&quot; placeholder=&quot;Select project&quot; class=&quot;MuiInputBase-input MuiOutlinedInput-input MuiInputBase-inputAdornedEnd MuiAutocomplete-input MuiAutocomplete-inputFocused css-qwdxx6&quot;/&gt; from &lt;div role=&quot;dialog&quot; tabindex=&quot;-1&quot; aria-modal=&quot;true&quot; class=&quot;offcanvas offcanvas-end show&quot;&gt;…&lt;/div&gt; subtree intercepts pointer events
- retrying click action, attempt #10
-   waiting 500ms
-   waiting for element to be visible, enabled and stable
-   element is visible, enabled and stable
-   scrolling into view if needed
-   done scrolling
-   &lt;input value=&quot;&quot; type=&quot;text&quot; id=&quot;project_id&quot; role=&quot;combobox&quot; autocomplete=&quot;off&quot; spellcheck=&quot;false&quot; aria-invalid=&quot;false&quot; aria-expanded=&quot;false&quot; autocapitalize=&quot;none&quot; aria-autocomplete=&quot;list&quot; placeholder=&quot;Select project&quot; class=&quot;MuiInputBase-input MuiOutlinedInput-input MuiInputBase-inputAdornedEnd MuiAutocomplete-input MuiAutocomplete-inputFocused css-qwdxx6&quot;/&gt; from &lt;div role=&quot;dialog&quot; tabindex=&quot;-1&quot; aria-modal=&quot;true&quot; class=&quot;offcanvas offcanvas-end show&quot;&gt;…&lt;/div&gt; subtree intercepts pointer events
- retrying click action, attempt #11
-   waiting 500ms
-   waiting for element to be visible, enabled and stable
-   element is visible, enabled and stable
-   scrolling into view if needed
-   done scrolling
-   &lt;input value=&quot;&quot; type=&quot;text&quot; id=&quot;project_id&quot; role=&quot;combobox&quot; autocomplete=&quot;off&quot; spellcheck=&quot;false&quot; aria-invalid=&quot;false&quot; aria-expanded=&quot;false&quot; autocapitalize=&quot;none&quot; aria-autocomplete=&quot;list&quot; placeholder=&quot;Select project&quot; class=&quot;MuiInputBase-input MuiOutlinedInput-input MuiInputBase-inputAdornedEnd MuiAutocomplete-input MuiAutocomplete-inputFocused css-qwdxx6&quot;/&gt; from &lt;div role=&quot;dialog&quot; tabindex=&quot;-1&quot; aria-modal=&quot;true&quot; class=&quot;offcanvas offcanvas-end show&quot;&gt;…&lt;/div&gt; subtree intercepts pointer events
- retrying click action, attempt #12
-   waiting 500ms
-   waiting for element to be visible, enabled and stable
-   element is visible, enabled and stable
-   scrolling into view if needed
-   done scrolling
-   &lt;input value=&quot;&quot; type=&quot;text&quot; id=&quot;project_id&quot; role=&quot;combobox&quot; autocomplete=&quot;off&quot; spellcheck=&quot;false&quot; aria-invalid=&quot;false&quot; aria-expanded=&quot;false&quot; autocapitalize=&quot;none&quot; aria-autocomplete=&quot;list&quot; placeholder=&quot;Select project&quot; class=&quot;MuiInputBase-input MuiOutlinedInput-input MuiInputBase-inputAdornedEnd MuiAutocomplete-input MuiAutocomplete-inputFocused css-qwdxx6&quot;/&gt; from &lt;div role=&quot;dialog&quot; tabindex=&quot;-1&quot; aria-modal=&quot;true&quot; class=&quot;offcanvas offcanvas-end show&quot;&gt;…&lt;/div&gt; subtree intercepts pointer events
- retrying click action, attempt #13
-   waiting 500ms
-   waiting for element to be visible, enabled and stable
-   element is visible, enabled and stable
-   scrolling into view if needed
-   done scrolling
-   &lt;input value=&quot;&quot; type=&quot;text&quot; id=&quot;project_id&quot; role=&quot;combobox&quot; autocomplete=&quot;off&quot; spellcheck=&quot;false&quot; aria-invalid=&quot;false&quot; aria-expanded=&quot;false&quot; autocapitalize=&quot;none&quot; aria-autocomplete=&quot;list&quot; placeholder=&quot;Select project&quot; class=&quot;MuiInputBase-input MuiOutlinedInput-input MuiInputBase-inputAdornedEnd MuiAutocomplete-input MuiAutocomplete-inputFocused css-qwdxx6&quot;/&gt; from &lt;div role=&quot;dialog&quot; tabindex=&quot;-1&quot; aria-modal=&quot;true&quot; class=&quot;offcanvas offcanvas-end show&quot;&gt;…&lt;/div&gt; subtree intercepts pointer events
- retrying click action, attempt #14
-   waiting 500ms
-   waiting for element to be visible, enabled and stable
-   element is visible, enabled and stable
-   scrolling into view if needed
-   done scrolling
-   &lt;input value=&quot;&quot; type=&quot;text&quot; id=&quot;project_id&quot; role=&quot;combobox&quot; autocomplete=&quot;off&quot; spellcheck=&quot;false&quot; aria-invalid=&quot;false&quot; aria-expanded=&quot;false&quot; autocapitalize=&quot;none&quot; aria-autocomplete=&quot;list&quot; placeholder=&quot;Select project&quot; class=&quot;MuiInputBase-input MuiOutlinedInput-input MuiInputBase-inputAdornedEnd MuiAutocomplete-input MuiAutocomplete-inputFocused css-qwdxx6&quot;/&gt; from &lt;div role=&quot;dialog&quot; tabindex=&quot;-1&quot; aria-modal=&quot;true&quot; class=&quot;offcanvas offcanvas-end show&quot;&gt;…&lt;/div&gt; subtree intercepts pointer events
- retrying click action, attempt #15
-   waiting 500ms
-   waiting for element to be visible, enabled and stable
-   element is visible, enabled and stable
-   scrolling into view if needed
-   done scrolling
-   &lt;input value=&quot;&quot; type=&quot;text&quot; id=&quot;project_id&quot; role=&quot;combobox&quot; autocomplete=&quot;off&quot; spellcheck=&quot;false&quot; aria-invalid=&quot;false&quot; aria-expanded=&quot;false&quot; autocapitalize=&quot;none&quot; aria-autocomplete=&quot;list&quot; placeholder=&quot;Select project&quot; class=&quot;MuiInputBase-input MuiOutlinedInput-input MuiInputBase-inputAdornedEnd MuiAutocomplete-input MuiAutocomplete-inputFocused css-qwdxx6&quot;/&gt; from &lt;div role=&quot;dialog&quot; tabindex=&quot;-1&quot; aria-modal=&quot;true&quot; class=&quot;offcanvas offcanvas-end show&quot;&gt;…&lt;/div&gt; subtree intercepts pointer events
- retrying click action, attempt #16
-   waiting 500ms
-   waiting for element to be visible, enabled and stable
-   element is visible, enabled and stable
-   scrolling into view if needed
-   done scrolling
-   &lt;input value=&quot;&quot; type=&quot;text&quot; id=&quot;project_id&quot; role=&quot;combobox&quot; autocomplete=&quot;off&quot; spellcheck=&quot;false&quot; aria-invalid=&quot;false&quot; aria-expanded=&quot;false&quot; autocapitalize=&quot;none&quot; aria-autocomplete=&quot;list&quot; placeholder=&quot;Select project&quot; class=&quot;MuiInputBase-input MuiOutlinedInput-input MuiInputBase-inputAdornedEnd MuiAutocomplete-input MuiAutocomplete-inputFocused css-qwdxx6&quot;/&gt; from &lt;div role=&quot;dialog&quot; tabindex=&quot;-1&quot; aria-modal=&quot;true&quot; class=&quot;offcanvas offcanvas-end show&quot;&gt;…&lt;/div&gt; subtree intercepts pointer events
- retrying click action, attempt #17
-   waiting 500ms
-   waiting for element to be visible, enabled and stable
-   element is visible, enabled and stable
-   scrolling into view if needed
-   done scrolling
-   &lt;input value=&quot;&quot; type=&quot;text&quot; id=&quot;project_id&quot; role=&quot;combobox&quot; autocomplete=&quot;off&quot; spellcheck=&quot;false&quot; aria-invalid=&quot;false&quot; aria-expanded=&quot;false&quot; autocapitalize=&quot;none&quot; aria-autocomplete=&quot;list&quot; placeholder=&quot;Select project&quot; class=&quot;MuiInputBase-input MuiOutlinedInput-input MuiInputBase-inputAdornedEnd MuiAutocomplete-input MuiAutocomplete-inputFocused css-qwdxx6&quot;/&gt; from &lt;div role=&quot;dialog&quot; tabindex=&quot;-1&quot; aria-modal=&quot;true&quot; class=&quot;offcanvas offcanvas-end show&quot;&gt;…&lt;/div&gt; subtree intercepts pointer events
- retrying click action, attempt #18
-   waiting 500ms
-   waiting for element to be visible, enabled and stable
-   element is visible, enabled and stable
-   scrolling into view if needed
-   done scrolling
-   &lt;input value=&quot;&quot; type=&quot;text&quot; id=&quot;project_id&quot; role=&quot;combobox&quot; autocomplete=&quot;off&quot; spellcheck=&quot;false&quot; aria-invalid=&quot;false&quot; aria-expanded=&quot;false&quot; autocapitalize=&quot;none&quot; aria-autocomplete=&quot;list&quot; placeholder=&quot;Select project&quot; class=&quot;MuiInputBase-input MuiOutlinedInput-input MuiInputBase-inputAdornedEnd MuiAutocomplete-input MuiAutocomplete-inputFocused css-qwdxx6&quot;/&gt; from &lt;div role=&quot;dialog&quot; tabindex=&quot;-1&quot; aria-modal=&quot;true&quot; class=&quot;offcanvas offcanvas-end show&quot;&gt;…&lt;/div&gt; subtree intercepts pointer events
- retrying click action, attempt #19
-   waiting 500ms
-   waiting for element to be visible, enabled and stable
-   element is visible, enabled and stable
-   scrolling into view if needed
-   done scrolling
-   &lt;input value=&quot;&quot; type=&quot;text&quot; id=&quot;project_id&quot; role=&quot;combobox&quot; autocomplete=&quot;off&quot; spellcheck=&quot;false&quot; aria-invalid=&quot;false&quot; aria-expanded=&quot;false&quot; autocapitalize=&quot;none&quot; aria-autocomplete=&quot;list&quot; placeholder=&quot;Select project&quot; class=&quot;MuiInputBase-input MuiOutlinedInput-input MuiInputBase-inputAdornedEnd MuiAutocomplete-input MuiAutocomplete-inputFocused css-qwdxx6&quot;/&gt; from &lt;div role=&quot;dialog&quot; tabindex=&quot;-1&quot; aria-modal=&quot;true&quot; class=&quot;offcanvas offcanvas-end show&quot;&gt;…&lt;/div&gt; subtree intercepts pointer events
- retrying click action, attempt #20
-   waiting 500ms
-   waiting for element to be visible, enabled and stable
-   element is visible, enabled and stable
-   scrolling into view if needed
-   done scrolling
-   &lt;input value=&quot;&quot; type=&quot;text&quot; id=&quot;project_id&quot; role=&quot;combobox&quot; autocomplete=&quot;off&quot; spellcheck=&quot;false&quot; aria-invalid=&quot;false&quot; aria-expanded=&quot;false&quot; autocapitalize=&quot;none&quot; aria-autocomplete=&quot;list&quot; placeholder=&quot;Select project&quot; class=&quot;MuiInputBase-input MuiOutlinedInput-input MuiInputBase-inputAdornedEnd MuiAutocomplete-input MuiAutocomplete-inputFocused css-qwdxx6&quot;/&gt; from &lt;div role=&quot;dialog&quot; tabindex=&quot;-1&quot; aria-modal=&quot;true&quot; class=&quot;offcanvas offcanvas-end show&quot;&gt;…&lt;/div&gt; subtree intercepts pointer events
- retrying click action, attempt #21
-   waiting 500ms
-   waiting for element to be visible, enabled and stable
-   element is visible, enabled and stable
-   scrolling into view if needed
-   done scrolling
-   &lt;input value=&quot;&quot; type=&quot;text&quot; id=&quot;project_id&quot; role=&quot;combobox&quot; autocomplete=&quot;off&quot; spellcheck=&quot;false&quot; aria-invalid=&quot;false&quot; aria-expanded=&quot;false&quot; autocapitalize=&quot;none&quot; aria-autocomplete=&quot;list&quot; placeholder=&quot;Select project&quot; class=&quot;MuiInputBase-input MuiOutlinedInput-input MuiInputBase-inputAdornedEnd MuiAutocomplete-input MuiAutocomplete-inputFocused css-qwdxx6&quot;/&gt; from &lt;div role=&quot;dialog&quot; tabindex=&quot;-1&quot; aria-modal=&quot;true&quot; class=&quot;offcanvas offcanvas-end show&quot;&gt;…&lt;/div&gt; subtree intercepts pointer events
- retrying click action, attempt #22
-   waiting 500ms
-   waiting for element to be visible, enabled and stable
-   element is visible, enabled and stable
-   scrolling into view if needed
-   done scrolling
-   &lt;input value=&quot;&quot; type=&quot;text&quot; id=&quot;project_id&quot; role=&quot;combobox&quot; autocomplete=&quot;off&quot; spellcheck=&quot;false&quot; aria-invalid=&quot;false&quot; aria-expanded=&quot;false&quot; autocapitalize=&quot;none&quot; aria-autocomplete=&quot;list&quot; placeholder=&quot;Select project&quot; class=&quot;MuiInputBase-input MuiOutlinedInput-input MuiInputBase-inputAdornedEnd MuiAutocomplete-input MuiAutocomplete-inputFocused css-qwdxx6&quot;/&gt; from &lt;div role=&quot;dialog&quot; tabindex=&quot;-1&quot; aria-modal=&quot;true&quot; class=&quot;offcanvas offcanvas-end show&quot;&gt;…&lt;/div&gt; subtree intercepts pointer events
- retrying click action, attempt #23
-   waiting 500ms
-   waiting for element to be visible, enabled and stable
-   element is visible, enabled and stable
-   scrolling into view if needed
-   done scrolling
-   &lt;input value=&quot;&quot; type=&quot;text&quot; id=&quot;project_id&quot; role=&quot;combobox&quot; autocomplete=&quot;off&quot; spellcheck=&quot;false&quot; aria-invalid=&quot;false&quot; aria-expanded=&quot;false&quot; autocapitalize=&quot;none&quot; aria-autocomplete=&quot;list&quot; placeholder=&quot;Select project&quot; class=&quot;MuiInputBase-input MuiOutlinedInput-input MuiInputBase-inputAdornedEnd MuiAutocomplete-input MuiAutocomplete-inputFocused css-qwdxx6&quot;/&gt; from &lt;div role=&quot;dialog&quot; tabindex=&quot;-1&quot; aria-modal=&quot;true&quot; class=&quot;offcanvas offcanvas-end show&quot;&gt;…&lt;/div&gt; subtree intercepts pointer events
- retrying click action, attempt #24
-   waiting 500ms
-   waiting for element to be visible, enabled and stable
-   element is visible, enabled and stable
-   scrolling into view if needed
-   done scrolling
-   &lt;input value=&quot;&quot; type=&quot;text&quot; id=&quot;project_id&quot; role=&quot;combobox&quot; autocomplete=&quot;off&quot; spellcheck=&quot;false&quot; aria-invalid=&quot;false&quot; aria-expanded=&quot;false&quot; autocapitalize=&quot;none&quot; aria-autocomplete=&quot;list&quot; placeholder=&quot;Select project&quot; class=&quot;MuiInputBase-input MuiOutlinedInput-input MuiInputBase-inputAdornedEnd MuiAutocomplete-input MuiAutocomplete-inputFocused css-qwdxx6&quot;/&gt; from &lt;div role=&quot;dialog&quot; tabindex=&quot;-1&quot; aria-modal=&quot;true&quot; class=&quot;offcanvas offcanvas-end show&quot;&gt;…&lt;/div&gt; subtree intercepts pointer events
- retrying click action, attempt #25
-   waiting 500ms
-   waiting for element to be visible, enabled and stable
-   element is visible, enabled and stable
-   scrolling into view if needed
-   done scrolling
-   &lt;input value=&quot;&quot; type=&quot;text&quot; id=&quot;project_id&quot; role=&quot;combobox&quot; autocomplete=&quot;off&quot; spellcheck=&quot;false&quot; aria-invalid=&quot;false&quot; aria-expanded=&quot;false&quot; autocapitalize=&quot;none&quot; aria-autocomplete=&quot;list&quot; placeholder=&quot;Select project&quot; class=&quot;MuiInputBase-input MuiOutlinedInput-input MuiInputBase-inputAdornedEnd MuiAutocomplete-input MuiAutocomplete-inputFocused css-qwdxx6&quot;/&gt; from &lt;div role=&quot;dialog&quot; tabindex=&quot;-1&quot; aria-modal=&quot;true&quot; class=&quot;offcanvas offcanvas-end show&quot;&gt;…&lt;/div&gt; subtree intercepts pointer events
- retrying click action, attempt #26
-   waiting 500ms
-   waiting for element to be visible, enabled and stable
-   element is visible, enabled and stable
-   scrolling into view if needed
-   done scrolling
-   &lt;input value=&quot;&quot; type=&quot;text&quot; id=&quot;project_id&quot; role=&quot;combobox&quot; autocomplete=&quot;off&quot; spellcheck=&quot;false&quot; aria-invalid=&quot;false&quot; aria-expanded=&quot;false&quot; autocapitalize=&quot;none&quot; aria-autocomplete=&quot;list&quot; placeholder=&quot;Select project&quot; class=&quot;MuiInputBase-input MuiOutlinedInput-input MuiInputBase-inputAdornedEnd MuiAutocomplete-input MuiAutocomplete-inputFocused css-qwdxx6&quot;/&gt; from &lt;div role=&quot;dialog&quot; tabindex=&quot;-1&quot; aria-modal=&quot;true&quot; class=&quot;offcanvas offcanvas-end show&quot;&gt;…&lt;/div&gt; subtree intercepts pointer events
- retrying click action, attempt #27
-   waiting 500ms
-   waiting for element to be visible, enabled and stable
-   element is visible, enabled and stable
-   scrolling into view if needed
-   done scrolling
-   &lt;input value=&quot;&quot; type=&quot;text&quot; id=&quot;project_id&quot; role=&quot;combobox&quot; autocomplete=&quot;off&quot; spellcheck=&quot;false&quot; aria-invalid=&quot;false&quot; aria-expanded=&quot;false&quot; autocapitalize=&quot;none&quot; aria-autocomplete=&quot;list&quot; placeholder=&quot;Select project&quot; class=&quot;MuiInputBase-input MuiOutlinedInput-input MuiInputBase-inputAdornedEnd MuiAutocomplete-input MuiAutocomplete-inputFocused css-qwdxx6&quot;/&gt; from &lt;div role=&quot;dialog&quot; tabindex=&quot;-1&quot; aria-modal=&quot;true&quot; class=&quot;offcanvas offcanvas-end show&quot;&gt;…&lt;/div&gt; subtree intercepts pointer events
- retrying click action, attempt #28
-   waiting 500ms
-   waiting for element to be visible, enabled and stable
-   element is visible, enabled and stable
-   scrolling into view if needed
-   done scrolling
-   &lt;input value=&quot;&quot; type=&quot;text&quot; id=&quot;project_id&quot; role=&quot;combobox&quot; autocomplete=&quot;off&quot; spellcheck=&quot;false&quot; aria-invalid=&quot;false&quot; aria-expanded=&quot;false&quot; autocapitalize=&quot;none&quot; aria-autocomplete=&quot;list&quot; placeholder=&quot;Select project&quot; class=&quot;MuiInputBase-input MuiOutlinedInput-input MuiInputBase-inputAdornedEnd MuiAutocomplete-input MuiAutocomplete-inputFocused css-qwdxx6&quot;/&gt; from &lt;div role=&quot;dialog&quot; tabindex=&quot;-1&quot; aria-modal=&quot;true&quot; class=&quot;offcanvas offcanvas-end show&quot;&gt;…&lt;/div&gt; subtree intercepts pointer events
- retrying click action, attempt #29
-   waiting 500ms
-   waiting for element to be visible, enabled and stable
-   element is visible, enabled and stable
-   scrolling into view if needed
-   done scrolling
-   &lt;input value=&quot;&quot; type=&quot;text&quot; id=&quot;project_id&quot; role=&quot;combobox&quot; autocomplete=&quot;off&quot; spellcheck=&quot;false&quot; aria-invalid=&quot;false&quot; aria-expanded=&quot;false&quot; autocapitalize=&quot;none&quot; aria-autocomplete=&quot;list&quot; placeholder=&quot;Select project&quot; class=&quot;MuiInputBase-input MuiOutlinedInput-input MuiInputBase-inputAdornedEnd MuiAutocomplete-input MuiAutocomplete-inputFocused css-qwdxx6&quot;/&gt; from &lt;div role=&quot;dialog&quot; tabindex=&quot;-1&quot; aria-modal=&quot;true&quot; class=&quot;offcanvas offcanvas-end show&quot;&gt;…&lt;/div&gt; subtree intercepts pointer events
- retrying click action, attempt #30
-   waiting 500ms
-   waiting for element to be visible, enabled and stable
-   element is visible, enabled and stable
-   scrolling into view if needed
-   done scrolling
-   &lt;input value=&quot;&quot; type=&quot;text&quot; id=&quot;project_id&quot; role=&quot;combobox&quot; autocomplete=&quot;off&quot; spellcheck=&quot;false&quot; aria-invalid=&quot;false&quot; aria-expanded=&quot;false&quot; autocapitalize=&quot;none&quot; aria-autocomplete=&quot;list&quot; placeholder=&quot;Select project&quot; class=&quot;MuiInputBase-input MuiOutlinedInput-input MuiInputBase-inputAdornedEnd MuiAutocomplete-input MuiAutocomplete-inputFocused css-qwdxx6&quot;/&gt; from &lt;div role=&quot;dialog&quot; tabindex=&quot;-1&quot; aria-modal=&quot;true&quot; class=&quot;offcanvas offcanvas-end show&quot;&gt;…&lt;/div&gt; subtree intercepts pointer events
- retrying click action, attempt #31
-   waiting 500ms
-   waiting for element to be visible, enabled and stable
-   element is visible, enabled and stable
-   scrolling into view if needed
-   done scrolling
-   &lt;input value=&quot;&quot; type=&quot;text&quot; id=&quot;project_id&quot; role=&quot;combobox&quot; autocomplete=&quot;off&quot; spellcheck=&quot;false&quot; aria-invalid=&quot;false&quot; aria-expanded=&quot;false&quot; autocapitalize=&quot;none&quot; aria-autocomplete=&quot;list&quot; placeholder=&quot;Select project&quot; class=&quot;MuiInputBase-input MuiOutlinedInput-input MuiInputBase-inputAdornedEnd MuiAutocomplete-input MuiAutocomplete-inputFocused css-qwdxx6&quot;/&gt; from &lt;div role=&quot;dialog&quot; tabindex=&quot;-1&quot; aria-modal=&quot;true&quot; class=&quot;offcanvas offcanvas-end show&quot;&gt;…&lt;/div&gt; subtree intercepts pointer events
- retrying click action, attempt #32
-   waiting 500ms
-   waiting for element to be visible, enabled and stable
-   element is visible, enabled and stable
-   scrolling into view if needed
-   done scrolling
-   &lt;input value=&quot;&quot; type=&quot;text&quot; id=&quot;project_id&quot; role=&quot;combobox&quot; autocomplete=&quot;off&quot; spellcheck=&quot;false&quot; aria-invalid=&quot;false&quot; aria-expanded=&quot;false&quot; autocapitalize=&quot;none&quot; aria-autocomplete=&quot;list&quot; placeholder=&quot;Select project&quot; class=&quot;MuiInputBase-input MuiOutlinedInput-input MuiInputBase-inputAdornedEnd MuiAutocomplete-input MuiAutocomplete-inputFocused css-qwdxx6&quot;/&gt; from &lt;div role=&quot;dialog&quot; tabindex=&quot;-1&quot; aria-modal=&quot;true&quot; class=&quot;offcanvas offcanvas-end show&quot;&gt;…&lt;/div&gt; subtree intercepts pointer events
- retrying click action, attempt #33
-   waiting 500ms
-   waiting for element to be visible, enabled and stable
-   element is visible, enabled and stable
-   scrolling into view if needed
-   done scrolling
-   &lt;input value=&quot;&quot; type=&quot;text&quot; id=&quot;project_id&quot; role=&quot;combobox&quot; autocomplete=&quot;off&quot; spellcheck=&quot;false&quot; aria-invalid=&quot;false&quot; aria-expanded=&quot;false&quot; autocapitalize=&quot;none&quot; aria-autocomplete=&quot;list&quot; placeholder=&quot;Select project&quot; class=&quot;MuiInputBase-input MuiOutlinedInput-input MuiInputBase-inputAdornedEnd MuiAutocomplete-input MuiAutocomplete-inputFocused css-qwdxx6&quot;/&gt; from &lt;div role=&quot;dialog&quot; tabindex=&quot;-1&quot; aria-modal=&quot;true&quot; class=&quot;offcanvas offcanvas-end show&quot;&gt;…&lt;/div&gt; subtree intercepts pointer events
- retrying click action, attempt #34
-   waiting 500ms
-   waiting for element to be visible, enabled and stable
-   element is visible, enabled and stable
-   scrolling into view if needed
-   done scrolling
-   &lt;input value=&quot;&quot; type=&quot;text&quot; id=&quot;project_id&quot; role=&quot;combobox&quot; autocomplete=&quot;off&quot; spellcheck=&quot;false&quot; aria-invalid=&quot;false&quot; aria-expanded=&quot;false&quot; autocapitalize=&quot;none&quot; aria-autocomplete=&quot;list&quot; placeholder=&quot;Select project&quot; class=&quot;MuiInputBase-input MuiOutlinedInput-input MuiInputBase-inputAdornedEnd MuiAutocomplete-input MuiAutocomplete-inputFocused css-qwdxx6&quot;/&gt; from &lt;div role=&quot;dialog&quot; tabindex=&quot;-1&quot; aria-modal=&quot;true&quot; class=&quot;offcanvas offcanvas-end show&quot;&gt;…&lt;/div&gt; subtree intercepts pointer events
- retrying click action, attempt #35
-   waiting 500ms
-   waiting for element to be visible, enabled and stable
-   element is visible, enabled and stable
-   scrolling into view if needed
-   done scrolling
-   &lt;input value=&quot;&quot; type=&quot;text&quot; id=&quot;project_id&quot; role=&quot;combobox&quot; autocomplete=&quot;off&quot; spellcheck=&quot;false&quot; aria-invalid=&quot;false&quot; aria-expanded=&quot;false&quot; autocapitalize=&quot;none&quot; aria-autocomplete=&quot;list&quot; placeholder=&quot;Select project&quot; class=&quot;MuiInputBase-input MuiOutlinedInput-input MuiInputBase-inputAdornedEnd MuiAutocomplete-input MuiAutocomplete-inputFocused css-qwdxx6&quot;/&gt; from &lt;div role=&quot;dialog&quot; tabindex=&quot;-1&quot; aria-modal=&quot;true&quot; class=&quot;offcanvas offcanvas-end show&quot;&gt;…&lt;/div&gt; subtree intercepts pointer events
- retrying click action, attempt #36
-   waiting 500ms
-   waiting for element to be visible, enabled and stable
-   element is visible, enabled and stable
-   scrolling into view if needed
-   done scrolling
-   &lt;input value=&quot;&quot; type=&quot;text&quot; id=&quot;project_id&quot; role=&quot;combobox&quot; autocomplete=&quot;off&quot; spellcheck=&quot;false&quot; aria-invalid=&quot;false&quot; aria-expanded=&quot;false&quot; autocapitalize=&quot;none&quot; aria-autocomplete=&quot;list&quot; placeholder=&quot;Select project&quot; class=&quot;MuiInputBase-input MuiOutlinedInput-input MuiInputBase-inputAdornedEnd MuiAutocomplete-input MuiAutocomplete-inputFocused css-qwdxx6&quot;/&gt; from &lt;div role=&quot;dialog&quot; tabindex=&quot;-1&quot; aria-modal=&quot;true&quot; class=&quot;offcanvas offcanvas-end show&quot;&gt;…&lt;/div&gt; subtree intercepts pointer events
- retrying click action, attempt #37
-   waiting 500ms
-   waiting for element to be visible, enabled and stable
-   element is visible, enabled and stable
-   scrolling into view if needed
-   done scrolling
-   &lt;input value=&quot;&quot; type=&quot;text&quot; id=&quot;project_id&quot; role=&quot;combobox&quot; autocomplete=&quot;off&quot; spellcheck=&quot;false&quot; aria-invalid=&quot;false&quot; aria-expanded=&quot;false&quot; autocapitalize=&quot;none&quot; aria-autocomplete=&quot;list&quot; placeholder=&quot;Select project&quot; class=&quot;MuiInputBase-input MuiOutlinedInput-input MuiInputBase-inputAdornedEnd MuiAutocomplete-input MuiAutocomplete-inputFocused css-qwdxx6&quot;/&gt; from &lt;div role=&quot;dialog&quot; tabindex=&quot;-1&quot; aria-modal=&quot;true&quot; class=&quot;offcanvas offcanvas-end show&quot;&gt;…&lt;/div&gt; subtree intercepts pointer events
- retrying click action, attempt #38
-   waiting 500ms
-   waiting for element to be visible, enabled and stable
-   element is visible, enabled and stable
-   scrolling into view if needed
-   done scrolling
-   &lt;input value=&quot;&quot; type=&quot;text&quot; id=&quot;project_id&quot; role=&quot;combobox&quot; autocomplete=&quot;off&quot; spellcheck=&quot;false&quot; aria-invalid=&quot;false&quot; aria-expanded=&quot;false&quot; autocapitalize=&quot;none&quot; aria-autocomplete=&quot;list&quot; placeholder=&quot;Select project&quot; class=&quot;MuiInputBase-input MuiOutlinedInput-input MuiInputBase-inputAdornedEnd MuiAutocomplete-input MuiAutocomplete-inputFocused css-qwdxx6&quot;/&gt; from &lt;div role=&quot;dialog&quot; tabindex=&quot;-1&quot; aria-modal=&quot;true&quot; class=&quot;offcanvas offcanvas-end show&quot;&gt;…&lt;/div&gt; subtree intercepts pointer events
- retrying click action, attempt #39
-   waiting 500ms
-   waiting for element to be visible, enabled and stable
-   element is visible, enabled and stable
-   scrolling into view if needed
-   done scrolling
-   &lt;input value=&quot;&quot; type=&quot;text&quot; id=&quot;project_id&quot; role=&quot;combobox&quot; autocomplete=&quot;off&quot; spellcheck=&quot;false&quot; aria-invalid=&quot;false&quot; aria-expanded=&quot;false&quot; autocapitalize=&quot;none&quot; aria-autocomplete=&quot;list&quot; placeholder=&quot;Select project&quot; class=&quot;MuiInputBase-input MuiOutlinedInput-input MuiInputBase-inputAdornedEnd MuiAutocomplete-input MuiAutocomplete-inputFocused css-qwdxx6&quot;/&gt; from &lt;div role=&quot;dialog&quot; tabindex=&quot;-1&quot; aria-modal=&quot;true&quot; class=&quot;offcanvas offcanvas-end show&quot;&gt;…&lt;/div&gt; subtree intercepts pointer events
- retrying click action, attempt #40
-   waiting 500ms
-   waiting for element to be visible, enabled and stable
-   element is visible, enabled and stable
-   scrolling into view if needed
-   done scrolling
-   &lt;input value=&quot;&quot; type=&quot;text&quot; id=&quot;project_id&quot; role=&quot;combobox&quot; autocomplete=&quot;off&quot; spellcheck=&quot;false&quot; aria-invalid=&quot;false&quot; aria-expanded=&quot;false&quot; autocapitalize=&quot;none&quot; aria-autocomplete=&quot;list&quot; placeholder=&quot;Select project&quot; class=&quot;MuiInputBase-input MuiOutlinedInput-input MuiInputBase-inputAdornedEnd MuiAutocomplete-input MuiAutocomplete-inputFocused css-qwdxx6&quot;/&gt; from &lt;div role=&quot;dialog&quot; tabindex=&quot;-1&quot; aria-modal=&quot;true&quot; class=&quot;offcanvas offcanvas-end show&quot;&gt;…&lt;/div&gt; subtree intercepts pointer events
- retrying click action, attempt #41
-   waiting 500ms
-   waiting for element to be visible, enabled and stable
-   element is visible, enabled and stable
-   scrolling into view if needed
-   done scrolling
-   &lt;input value=&quot;&quot; type=&quot;text&quot; id=&quot;project_id&quot; role=&quot;combobox&quot; autocomplete=&quot;off&quot; spellcheck=&quot;false&quot; aria-invalid=&quot;false&quot; aria-expanded=&quot;false&quot; autocapitalize=&quot;none&quot; aria-autocomplete=&quot;list&quot; placeholder=&quot;Select project&quot; class=&quot;MuiInputBase-input MuiOutlinedInput-input MuiInputBase-inputAdornedEnd MuiAutocomplete-input MuiAutocomplete-inputFocused css-qwdxx6&quot;/&gt; from &lt;div role=&quot;dialog&quot; tabindex=&quot;-1&quot; aria-modal=&quot;true&quot; class=&quot;offcanvas offcanvas-end show&quot;&gt;…&lt;/div&gt; subtree intercepts pointer events
- retrying click action, attempt #42
-   waiting 500ms
-   waiting for element to be visible, enabled and stable
-   element is visible, enabled and stable
-   scrolling into view if needed
-   done scrolling
-   &lt;input value=&quot;&quot; type=&quot;text&quot; id=&quot;project_id&quot; role=&quot;combobox&quot; autocomplete=&quot;off&quot; spellcheck=&quot;false&quot; aria-invalid=&quot;false&quot; aria-expanded=&quot;false&quot; autocapitalize=&quot;none&quot; aria-autocomplete=&quot;list&quot; placeholder=&quot;Select project&quot; class=&quot;MuiInputBase-input MuiOutlinedInput-input MuiInputBase-inputAdornedEnd MuiAutocomplete-input MuiAutocomplete-inputFocused css-qwdxx6&quot;/&gt; from &lt;div role=&quot;dialog&quot; tabindex=&quot;-1&quot; aria-modal=&quot;true&quot; class=&quot;offcanvas offcanvas-end show&quot;&gt;…&lt;/div&gt; subtree intercepts pointer events
- retrying click action, attempt #43
-   waiting 500ms
-   waiting for element to be visible, enabled and stable
-   element is visible, enabled and stable
-   scrolling into view if needed
-   done scrolling
-   &lt;input value=&quot;&quot; type=&quot;text&quot; id=&quot;project_id&quot; role=&quot;combobox&quot; autocomplete=&quot;off&quot; spellcheck=&quot;false&quot; aria-invalid=&quot;false&quot; aria-expanded=&quot;false&quot; autocapitalize=&quot;none&quot; aria-autocomplete=&quot;list&quot; placeholder=&quot;Select project&quot; class=&quot;MuiInputBase-input MuiOutlinedInput-input MuiInputBase-inputAdornedEnd MuiAutocomplete-input MuiAutocomplete-inputFocused css-qwdxx6&quot;/&gt; from &lt;div role=&quot;dialog&quot; tabindex=&quot;-1&quot; aria-modal=&quot;true&quot; class=&quot;offcanvas offcanvas-end show&quot;&gt;…&lt;/div&gt; subtree intercepts pointer events
- retrying click action, attempt #44
-   waiting 500ms
-   waiting for element to be visible, enabled and stable
-   element is visible, enabled and stable
-   scrolling into view if needed
-   done scrolling
-   &lt;input value=&quot;&quot; type=&quot;text&quot; id=&quot;project_id&quot; role=&quot;combobox&quot; autocomplete=&quot;off&quot; spellcheck=&quot;false&quot; aria-invalid=&quot;false&quot; aria-expanded=&quot;false&quot; autocapitalize=&quot;none&quot; aria-autocomplete=&quot;list&quot; placeholder=&quot;Select project&quot; class=&quot;MuiInputBase-input MuiOutlinedInput-input MuiInputBase-inputAdornedEnd MuiAutocomplete-input MuiAutocomplete-inputFocused css-qwdxx6&quot;/&gt; from &lt;div role=&quot;dialog&quot; tabindex=&quot;-1&quot; aria-modal=&quot;true&quot; class=&quot;offcanvas offcanvas-end show&quot;&gt;…&lt;/div&gt; subtree intercepts pointer events
- retrying click action, attempt #45
-   waiting 500ms
-   waiting for element to be visible, enabled and stable
-   element is visible, enabled and stable
-   scrolling into view if needed
-   done scrolling
-   &lt;input value=&quot;&quot; type=&quot;text&quot; id=&quot;project_id&quot; role=&quot;combobox&quot; autocomplete=&quot;off&quot; spellcheck=&quot;false&quot; aria-invalid=&quot;false&quot; aria-expanded=&quot;false&quot; autocapitalize=&quot;none&quot; aria-autocomplete=&quot;list&quot; placeholder=&quot;Select project&quot; class=&quot;MuiInputBase-input MuiOutlinedInput-input MuiInputBase-inputAdornedEnd MuiAutocomplete-input MuiAutocomplete-inputFocused css-qwdxx6&quot;/&gt; from &lt;div role=&quot;dialog&quot; tabindex=&quot;-1&quot; aria-modal=&quot;true&quot; class=&quot;offcanvas offcanvas-end show&quot;&gt;…&lt;/div&gt; subtree intercepts pointer events
- retrying click action, attempt #46
-   waiting 500ms
-   waiting for element to be visible, enabled and stable
-   element is visible, enabled and stable
-   scrolling into view if needed
-   done scrolling
-   &lt;input value=&quot;&quot; type=&quot;text&quot; id=&quot;project_id&quot; role=&quot;combobox&quot; autocomplete=&quot;off&quot; spellcheck=&quot;false&quot; aria-invalid=&quot;false&quot; aria-expanded=&quot;false&quot; autocapitalize=&quot;none&quot; aria-autocomplete=&quot;list&quot; placeholder=&quot;Select project&quot; class=&quot;MuiInputBase-input MuiOutlinedInput-input MuiInputBase-inputAdornedEnd MuiAutocomplete-input MuiAutocomplete-inputFocused css-qwdxx6&quot;/&gt; from &lt;div role=&quot;dialog&quot; tabindex=&quot;-1&quot; aria-modal=&quot;true&quot; class=&quot;offcanvas offcanvas-end show&quot;&gt;…&lt;/div&gt; subtree intercepts pointer events
- retrying click action, attempt #47
-   waiting 500ms
-   waiting for element to be visible, enabled and stable
-   element is visible, enabled and stable
-   scrolling into view if needed
-   done scrolling
-   &lt;input value=&quot;&quot; type=&quot;text&quot; id=&quot;project_id&quot; role=&quot;combobox&quot; autocomplete=&quot;off&quot; spellcheck=&quot;false&quot; aria-invalid=&quot;false&quot; aria-expanded=&quot;false&quot; autocapitalize=&quot;none&quot; aria-autocomplete=&quot;list&quot; placeholder=&quot;Select project&quot; class=&quot;MuiInputBase-input MuiOutlinedInput-input MuiInputBase-inputAdornedEnd MuiAutocomplete-input MuiAutocomplete-inputFocused css-qwdxx6&quot;/&gt; from &lt;div role=&quot;dialog&quot; tabindex=&quot;-1&quot; aria-modal=&quot;true&quot; class=&quot;offcanvas offcanvas-end show&quot;&gt;…&lt;/div&gt; subtree intercepts pointer events
- retrying click action, attempt #48
-   waiting 500ms
-   waiting for element to be visible, enabled and stable
-   element is visible, enabled and stable
-   scrolling into view if needed
-   done scrolling
-   &lt;input value=&quot;&quot; type=&quot;text&quot; id=&quot;project_id&quot; role=&quot;combobox&quot; autocomplete=&quot;off&quot; spellcheck=&quot;false&quot; aria-invalid=&quot;false&quot; aria-expanded=&quot;false&quot; autocapitalize=&quot;none&quot; aria-autocomplete=&quot;list&quot; placeholder=&quot;Select project&quot; class=&quot;MuiInputBase-input MuiOutlinedInput-input MuiInputBase-inputAdornedEnd MuiAutocomplete-input MuiAutocomplete-inputFocused css-qwdxx6&quot;/&gt; from &lt;div role=&quot;dialog&quot; tabindex=&quot;-1&quot; aria-modal=&quot;true&quot; class=&quot;offcanvas offcanvas-end show&quot;&gt;…&lt;/div&gt; subtree intercepts pointer events
- retrying click action, attempt #49
-   waiting 500ms
-   waiting for element to be visible, enabled and stable
-   element is visible, enabled and stable
-   scrolling into view if needed
-   done scrolling
-   &lt;input value=&quot;&quot; type=&quot;text&quot; id=&quot;project_id&quot; role=&quot;combobox&quot; autocomplete=&quot;off&quot; spellcheck=&quot;false&quot; aria-invalid=&quot;false&quot; aria-expanded=&quot;false&quot; autocapitalize=&quot;none&quot; aria-autocomplete=&quot;list&quot; placeholder=&quot;Select project&quot; class=&quot;MuiInputBase-input MuiOutlinedInput-input MuiInputBase-inputAdornedEnd MuiAutocomplete-input MuiAutocomplete-inputFocused css-qwdxx6&quot;/&gt; from &lt;div role=&quot;dialog&quot; tabindex=&quot;-1&quot; aria-modal=&quot;true&quot; class=&quot;offcanvas offcanvas-end show&quot;&gt;…&lt;/div&gt; subtree intercepts pointer events
- retrying click action, attempt #50
-   waiting 500ms
-   waiting for element to be visible, enabled and stable
-   element is visible, enabled and stable
-   scrolling into view if needed
-   done scrolling
-   &lt;input value=&quot;&quot; type=&quot;text&quot; id=&quot;project_id&quot; role=&quot;combobox&quot; autocomplete=&quot;off&quot; spellcheck=&quot;false&quot; aria-invalid=&quot;false&quot; aria-expanded=&quot;false&quot; autocapitalize=&quot;none&quot; aria-autocomplete=&quot;list&quot; placeholder=&quot;Select project&quot; class=&quot;MuiInputBase-input MuiOutlinedInput-input MuiInputBase-inputAdornedEnd MuiAutocomplete-input MuiAutocomplete-inputFocused css-qwdxx6&quot;/&gt; from &lt;div role=&quot;dialog&quot; tabindex=&quot;-1&quot; aria-modal=&quot;true&quot; class=&quot;offcanvas offcanvas-end show&quot;&gt;…&lt;/div&gt; subtree intercepts pointer events
- retrying click action, attempt #51
-   waiting 500ms
-   waiting for element to be visible, enabled and stable
-   element is visible, enabled and stable
-   scrolling into view if needed
-   done scrolling
-   &lt;input value=&quot;&quot; type=&quot;text&quot; id=&quot;project_id&quot; role=&quot;combobox&quot; autocomplete=&quot;off&quot; spellcheck=&quot;false&quot; aria-invalid=&quot;false&quot; aria-expanded=&quot;false&quot; autocapitalize=&quot;none&quot; aria-autocomplete=&quot;list&quot; placeholder=&quot;Select project&quot; class=&quot;MuiInputBase-input MuiOutlinedInput-input MuiInputBase-inputAdornedEnd MuiAutocomplete-input MuiAutocomplete-inputFocused css-qwdxx6&quot;/&gt; from &lt;div role=&quot;dialog&quot; tabindex=&quot;-1&quot; aria-modal=&quot;true&quot; class=&quot;offcanvas offcanvas-end show&quot;&gt;…&lt;/div&gt; subtree intercepts pointer events
- retrying click action, attempt #52
-   waiting 500ms
-   waiting for element to be visible, enabled and stable
-   element is visible, enabled and stable
-   scrolling into view if needed
-   done scrolling
-   &lt;input value=&quot;&quot; type=&quot;text&quot; id=&quot;project_id&quot; role=&quot;combobox&quot; autocomplete=&quot;off&quot; spellcheck=&quot;false&quot; aria-invalid=&quot;false&quot; aria-expanded=&quot;false&quot; autocapitalize=&quot;none&quot; aria-autocomplete=&quot;list&quot; placeholder=&quot;Select project&quot; class=&quot;MuiInputBase-input MuiOutlinedInput-input MuiInputBase-inputAdornedEnd MuiAutocomplete-input MuiAutocomplete-inputFocused css-qwdxx6&quot;/&gt; from &lt;div role=&quot;dialog&quot; tabindex=&quot;-1&quot; aria-modal=&quot;true&quot; class=&quot;offcanvas offcanvas-end show&quot;&gt;…&lt;/div&gt; subtree intercepts pointer events
- retrying click action, attempt #53
-   waiting 500ms
-   waiting for element to be visible, enabled and stable
-   element is visible, enabled and stable
-   scrolling into view if needed
-   done scrolling
-   &lt;input value=&quot;&quot; type=&quot;text&quot; id=&quot;project_id&quot; role=&quot;combobox&quot; autocomplete=&quot;off&quot; spellcheck=&quot;false&quot; aria-invalid=&quot;false&quot; aria-expanded=&quot;false&quot; autocapitalize=&quot;none&quot; aria-autocomplete=&quot;list&quot; placeholder=&quot;Select project&quot; class=&quot;MuiInputBase-input MuiOutlinedInput-input MuiInputBase-inputAdornedEnd MuiAutocomplete-input MuiAutocomplete-inputFocused css-qwdxx6&quot;/&gt; from &lt;div role=&quot;dialog&quot; tabindex=&quot;-1&quot; aria-modal=&quot;true&quot; class=&quot;offcanvas offcanvas-end show&quot;&gt;…&lt;/div&gt; subtree intercepts pointer events
- retrying click action, attempt #54
-   waiting 500ms
-   waiting for element to be visible, enabled and stable
-   element is visible, enabled and stable
-   scrolling into view if needed
-   done scrolling
-   &lt;input value=&quot;&quot; type=&quot;text&quot; id=&quot;project_id&quot; role=&quot;combobox&quot; autocomplete=&quot;off&quot; spellcheck=&quot;false&quot; aria-invalid=&quot;false&quot; aria-expanded=&quot;false&quot; autocapitalize=&quot;none&quot; aria-autocomplete=&quot;list&quot; placeholder=&quot;Select project&quot; class=&quot;MuiInputBase-input MuiOutlinedInput-input MuiInputBase-inputAdornedEnd MuiAutocomplete-input MuiAutocomplete-inputFocused css-qwdxx6&quot;/&gt; from &lt;div role=&quot;dialog&quot; tabindex=&quot;-1&quot; aria-modal=&quot;true&quot; class=&quot;offcanvas offcanvas-end show&quot;&gt;…&lt;/div&gt; subtree intercepts pointer events
- retrying click action, attempt #55
-   waiting 500ms
-   waiting for element to be visible, enabled and stable
-   element is visible, enabled and stable
-   scrolling into view if needed
-   done scrolling
-   &lt;input value=&quot;&quot; type=&quot;text&quot; id=&quot;project_id&quot; role=&quot;combobox&quot; autocomplete=&quot;off&quot; spellcheck=&quot;false&quot; aria-invalid=&quot;false&quot; aria-expanded=&quot;false&quot; autocapitalize=&quot;none&quot; aria-autocomplete=&quot;list&quot; placeholder=&quot;Select project&quot; class=&quot;MuiInputBase-input MuiOutlinedInput-input MuiInputBase-inputAdornedEnd MuiAutocomplete-input MuiAutocomplete-inputFocused css-qwdxx6&quot;/&gt; from &lt;div role=&quot;dialog&quot; tabindex=&quot;-1&quot; aria-modal=&quot;true&quot; class=&quot;offcanvas offcanvas-end show&quot;&gt;…&lt;/div&gt; subtree intercepts pointer events
- retrying click action, attempt #56
-   waiting 500ms
-   waiting for element to be visible, enabled and stable
-   element is visible, enabled and stable
-   scrolling into view if needed
-   done scrolling
-   &lt;input value=&quot;&quot; type=&quot;text&quot; id=&quot;project_id&quot; role=&quot;combobox&quot; autocomplete=&quot;off&quot; spellcheck=&quot;false&quot; aria-invalid=&quot;false&quot; aria-expanded=&quot;false&quot; autocapitalize=&quot;none&quot; aria-autocomplete=&quot;list&quot; placeholder=&quot;Select project&quot; class=&quot;MuiInputBase-input MuiOutlinedInput-input MuiInputBase-inputAdornedEnd MuiAutocomplete-input MuiAutocomplete-inputFocused css-qwdxx6&quot;/&gt; from &lt;div role=&quot;dialog&quot; tabindex=&quot;-1&quot; aria-modal=&quot;true&quot; class=&quot;offcanvas offcanvas-end show&quot;&gt;…&lt;/div&gt; subtree intercepts pointer events
- retrying click action, attempt #57
-   waiting 500ms
-   waiting for element to be visible, enabled and stable
-   element is visible, enabled and stable
-   scrolling into view if needed
-   done scrolling
-   &lt;input value=&quot;&quot; type=&quot;text&quot; id=&quot;project_id&quot; role=&quot;combobox&quot; autocomplete=&quot;off&quot; spellcheck=&quot;false&quot; aria-invalid=&quot;false&quot; aria-expanded=&quot;false&quot; autocapitalize=&quot;none&quot; aria-autocomplete=&quot;list&quot; placeholder=&quot;Select project&quot; class=&quot;MuiInputBase-input MuiOutlinedInput-input MuiInputBase-inputAdornedEnd MuiAutocomplete-input MuiAutocomplete-inputFocused css-qwdxx6&quot;/&gt; from &lt;div role=&quot;dialog&quot; tabindex=&quot;-1&quot; aria-modal=&quot;true&quot; class=&quot;offcanvas offcanvas-end show&quot;&gt;…&lt;/div&gt; subtree intercepts pointer events
- retrying click action, attempt #58
-   waiting 500ms
-   waiting for element to be visible, enabled and stable
-   element is visible, enabled and stable
-   scrolling into view if needed
-   done scrolling
-   &lt;input value=&quot;&quot; type=&quot;text&quot; id=&quot;project_id&quot; role=&quot;combobox&quot; autocomplete=&quot;off&quot; spellcheck=&quot;false&quot; aria-invalid=&quot;false&quot; aria-expanded=&quot;false&quot; autocapitalize=&quot;none&quot; aria-autocomplete=&quot;list&quot; placeholder=&quot;Select project&quot; class=&quot;MuiInputBase-input MuiOutlinedInput-input MuiInputBase-inputAdornedEnd MuiAutocomplete-input MuiAutocomplete-inputFocused css-qwdxx6&quot;/&gt; from &lt;div role=&quot;dialog&quot; tabindex=&quot;-1&quot; aria-modal=&quot;true&quot; class=&quot;offcanvas offcanvas-end show&quot;&gt;…&lt;/div&gt; subtree intercepts pointer events
- retrying click action, attempt #59
-   waiting 500ms
-   waiting for element to be visible, enabled and stable
-   element is visible, enabled and stable
-   scrolling into view if needed
-   done scrolling
-   &lt;input value=&quot;&quot; type=&quot;text&quot; id=&quot;project_id&quot; role=&quot;combobox&quot; autocomplete=&quot;off&quot; spellcheck=&quot;false&quot; aria-invalid=&quot;false&quot; aria-expanded=&quot;false&quot; autocapitalize=&quot;none&quot; aria-autocomplete=&quot;list&quot; placeholder=&quot;Select project&quot; class=&quot;MuiInputBase-input MuiOutlinedInput-input MuiInputBase-inputAdornedEnd MuiAutocomplete-input MuiAutocomplete-inputFocused css-qwdxx6&quot;/&gt; from &lt;div role=&quot;dialog&quot; tabindex=&quot;-1&quot; aria-modal=&quot;true&quot; class=&quot;offcanvas offcanvas-end show&quot;&gt;…&lt;/div&gt; subtree intercepts pointer events
- retrying click action, attempt #60
-   waiting 500ms
" type="com.microsoft.playwright.TimeoutError">
      <![CDATA[com.microsoft.playwright.TimeoutError: Error {
  message='Timeout 30000ms exceeded.
  name='TimeoutError
  stack='TimeoutError: Timeout 30000ms exceeded.
    at ProgressController.run (C:\Users\AVITA\AppData\Local\Temp\playwright-java-1851111476664547840\package\lib\server\progress.js:78:26)
    at Frame.click (C:\Users\AVITA\AppData\Local\Temp\playwright-java-1851111476664547840\package\lib\server\frames.js:1013:23)
    at FrameDispatcher.click (C:\Users\AVITA\AppData\Local\Temp\playwright-java-1851111476664547840\package\lib\server\dispatchers\frameDispatcher.js:157:30)
    at FrameDispatcher._handleCommand (C:\Users\AVITA\AppData\Local\Temp\playwright-java-1851111476664547840\package\lib\server\dispatchers\dispatcher.js:94:40)
    at DispatcherConnection.dispatch (C:\Users\AVITA\AppData\Local\Temp\playwright-java-1851111476664547840\package\lib\server\dispatchers\dispatcher.js:361:39)
}
Call log:
- waiting for locator("button:has-text('Add')")
-   locator resolved to 3 elements. Proceeding with the first one: <button tabindex="0" type="button" class="MuiButtonBase-root MuiButton-root MuiButton-text MuiButton-textPrimary MuiButton-sizeMedium MuiButton-textSizeMedium MuiButton-colorPrimary MuiButton-root MuiButton-text MuiButton-textPrimary MuiButton-sizeMedium MuiButton-textSizeMedium MuiButton-colorPrimary rounded AddButton me-3 ms-2 css-1c69r7k">…</button>
- attempting click action
-   waiting for element to be visible, enabled and stable
-   element is visible, enabled and stable
-   scrolling into view if needed
-   done scrolling
-   <div class="fade offcanvas-backdrop show"></div> intercepts pointer events
- retrying click action, attempt #1
-   waiting for element to be visible, enabled and stable
-   element is visible, enabled and stable
-   scrolling into view if needed
-   done scrolling
-   <div class="fade offcanvas-backdrop show"></div> intercepts pointer events
- retrying click action, attempt #2
-   waiting 20ms
-   waiting for element to be visible, enabled and stable
-   element is visible, enabled and stable
-   scrolling into view if needed
-   done scrolling
-   <div class="MuiBox-root css-9tsni8">…</div> from <div role="dialog" tabindex="-1" aria-modal="true" class="offcanvas offcanvas-end offcanvas-toggling show">…</div> subtree intercepts pointer events
- retrying click action, attempt #3
-   waiting 100ms
-   waiting for element to be visible, enabled and stable
-   element is visible, enabled and stable
-   scrolling into view if needed
-   done scrolling
-   <div class="MuiBox-root css-9tsni8">…</div> from <div role="dialog" tabindex="-1" aria-modal="true" class="offcanvas offcanvas-end offcanvas-toggling show">…</div> subtree intercepts pointer events
- retrying click action, attempt #4
-   waiting 100ms
-   waiting for element to be visible, enabled and stable
-   element is visible, enabled and stable
-   scrolling into view if needed
-   done scrolling
-   <div class="MuiBox-root css-9tsni8">…</div> from <div role="dialog" tabindex="-1" aria-modal="true" class="offcanvas offcanvas-end show">…</div> subtree intercepts pointer events
- retrying click action, attempt #5
-   waiting 500ms
-   waiting for element to be visible, enabled and stable
-   element is visible, enabled and stable
-   scrolling into view if needed
-   done scrolling
-   <input value="" type="text" id="project_id" role="combobox" autocomplete="off" spellcheck="false" aria-invalid="false" aria-expanded="false" autocapitalize="none" aria-autocomplete="list" placeholder="Select project" class="MuiInputBase-input MuiOutlinedInput-input MuiInputBase-inputAdornedEnd MuiAutocomplete-input MuiAutocomplete-inputFocused css-qwdxx6"/> from <div role="dialog" tabindex="-1" aria-modal="true" class="offcanvas offcanvas-end show">…</div> subtree intercepts pointer events
- retrying click action, attempt #6
-   waiting 500ms
-   waiting for element to be visible, enabled and stable
-   element is visible, enabled and stable
-   scrolling into view if needed
-   done scrolling
-   <input value="" type="text" id="project_id" role="combobox" autocomplete="off" spellcheck="false" aria-invalid="false" aria-expanded="false" autocapitalize="none" aria-autocomplete="list" placeholder="Select project" class="MuiInputBase-input MuiOutlinedInput-input MuiInputBase-inputAdornedEnd MuiAutocomplete-input MuiAutocomplete-inputFocused css-qwdxx6"/> from <div role="dialog" tabindex="-1" aria-modal="true" class="offcanvas offcanvas-end show">…</div> subtree intercepts pointer events
- retrying click action, attempt #7
-   waiting 500ms
-   waiting for element to be visible, enabled and stable
-   element is visible, enabled and stable
-   scrolling into view if needed
-   done scrolling
-   <input value="" type="text" id="project_id" role="combobox" autocomplete="off" spellcheck="false" aria-invalid="false" aria-expanded="false" autocapitalize="none" aria-autocomplete="list" placeholder="Select project" class="MuiInputBase-input MuiOutlinedInput-input MuiInputBase-inputAdornedEnd MuiAutocomplete-input MuiAutocomplete-inputFocused css-qwdxx6"/> from <div role="dialog" tabindex="-1" aria-modal="true" class="offcanvas offcanvas-end show">…</div> subtree intercepts pointer events
- retrying click action, attempt #8
-   waiting 500ms
-   waiting for element to be visible, enabled and stable
-   element is visible, enabled and stable
-   scrolling into view if needed
-   done scrolling
-   <input value="" type="text" id="project_id" role="combobox" autocomplete="off" spellcheck="false" aria-invalid="false" aria-expanded="false" autocapitalize="none" aria-autocomplete="list" placeholder="Select project" class="MuiInputBase-input MuiOutlinedInput-input MuiInputBase-inputAdornedEnd MuiAutocomplete-input MuiAutocomplete-inputFocused css-qwdxx6"/> from <div role="dialog" tabindex="-1" aria-modal="true" class="offcanvas offcanvas-end show">…</div> subtree intercepts pointer events
- retrying click action, attempt #9
-   waiting 500ms
-   waiting for element to be visible, enabled and stable
-   element is visible, enabled and stable
-   scrolling into view if needed
-   done scrolling
-   <input value="" type="text" id="project_id" role="combobox" autocomplete="off" spellcheck="false" aria-invalid="false" aria-expanded="false" autocapitalize="none" aria-autocomplete="list" placeholder="Select project" class="MuiInputBase-input MuiOutlinedInput-input MuiInputBase-inputAdornedEnd MuiAutocomplete-input MuiAutocomplete-inputFocused css-qwdxx6"/> from <div role="dialog" tabindex="-1" aria-modal="true" class="offcanvas offcanvas-end show">…</div> subtree intercepts pointer events
- retrying click action, attempt #10
-   waiting 500ms
-   waiting for element to be visible, enabled and stable
-   element is visible, enabled and stable
-   scrolling into view if needed
-   done scrolling
-   <input value="" type="text" id="project_id" role="combobox" autocomplete="off" spellcheck="false" aria-invalid="false" aria-expanded="false" autocapitalize="none" aria-autocomplete="list" placeholder="Select project" class="MuiInputBase-input MuiOutlinedInput-input MuiInputBase-inputAdornedEnd MuiAutocomplete-input MuiAutocomplete-inputFocused css-qwdxx6"/> from <div role="dialog" tabindex="-1" aria-modal="true" class="offcanvas offcanvas-end show">…</div> subtree intercepts pointer events
- retrying click action, attempt #11
-   waiting 500ms
-   waiting for element to be visible, enabled and stable
-   element is visible, enabled and stable
-   scrolling into view if needed
-   done scrolling
-   <input value="" type="text" id="project_id" role="combobox" autocomplete="off" spellcheck="false" aria-invalid="false" aria-expanded="false" autocapitalize="none" aria-autocomplete="list" placeholder="Select project" class="MuiInputBase-input MuiOutlinedInput-input MuiInputBase-inputAdornedEnd MuiAutocomplete-input MuiAutocomplete-inputFocused css-qwdxx6"/> from <div role="dialog" tabindex="-1" aria-modal="true" class="offcanvas offcanvas-end show">…</div> subtree intercepts pointer events
- retrying click action, attempt #12
-   waiting 500ms
-   waiting for element to be visible, enabled and stable
-   element is visible, enabled and stable
-   scrolling into view if needed
-   done scrolling
-   <input value="" type="text" id="project_id" role="combobox" autocomplete="off" spellcheck="false" aria-invalid="false" aria-expanded="false" autocapitalize="none" aria-autocomplete="list" placeholder="Select project" class="MuiInputBase-input MuiOutlinedInput-input MuiInputBase-inputAdornedEnd MuiAutocomplete-input MuiAutocomplete-inputFocused css-qwdxx6"/> from <div role="dialog" tabindex="-1" aria-modal="true" class="offcanvas offcanvas-end show">…</div> subtree intercepts pointer events
- retrying click action, attempt #13
-   waiting 500ms
-   waiting for element to be visible, enabled and stable
-   element is visible, enabled and stable
-   scrolling into view if needed
-   done scrolling
-   <input value="" type="text" id="project_id" role="combobox" autocomplete="off" spellcheck="false" aria-invalid="false" aria-expanded="false" autocapitalize="none" aria-autocomplete="list" placeholder="Select project" class="MuiInputBase-input MuiOutlinedInput-input MuiInputBase-inputAdornedEnd MuiAutocomplete-input MuiAutocomplete-inputFocused css-qwdxx6"/> from <div role="dialog" tabindex="-1" aria-modal="true" class="offcanvas offcanvas-end show">…</div> subtree intercepts pointer events
- retrying click action, attempt #14
-   waiting 500ms
-   waiting for element to be visible, enabled and stable
-   element is visible, enabled and stable
-   scrolling into view if needed
-   done scrolling
[...]
- retrying click action, attempt #33
-   waiting 500ms
-   waiting for element to be visible, enabled and stable
-   element is visible, enabled and stable
-   scrolling into view if needed
-   done scrolling
-   <input value="" type="text" id="project_id" role="combobox" autocomplete="off" spellcheck="false" aria-invalid="false" aria-expanded="false" autocapitalize="none" aria-autocomplete="list" placeholder="Select project" class="MuiInputBase-input MuiOutlinedInput-input MuiInputBase-inputAdornedEnd MuiAutocomplete-input MuiAutocomplete-inputFocused css-qwdxx6"/> from <div role="dialog" tabindex="-1" aria-modal="true" class="offcanvas offcanvas-end show">…</div> subtree intercepts pointer events
- retrying click action, attempt #34
-   waiting 500ms
-   waiting for element to be visible, enabled and stable
-   element is visible, enabled and stable
-   scrolling into view if needed
-   done scrolling
-   <input value="" type="text" id="project_id" role="combobox" autocomplete="off" spellcheck="false" aria-invalid="false" aria-expanded="false" autocapitalize="none" aria-autocomplete="list" placeholder="Select project" class="MuiInputBase-input MuiOutlinedInput-input MuiInputBase-inputAdornedEnd MuiAutocomplete-input MuiAutocomplete-inputFocused css-qwdxx6"/> from <div role="dialog" tabindex="-1" aria-modal="true" class="offcanvas offcanvas-end show">…</div> subtree intercepts pointer events
- retrying click action, attempt #35
-   waiting 500ms
-   waiting for element to be visible, enabled and stable
-   element is visible, enabled and stable
-   scrolling into view if needed
-   done scrolling
-   <input value="" type="text" id="project_id" role="combobox" autocomplete="off" spellcheck="false" aria-invalid="false" aria-expanded="false" autocapitalize="none" aria-autocomplete="list" placeholder="Select project" class="MuiInputBase-input MuiOutlinedInput-input MuiInputBase-inputAdornedEnd MuiAutocomplete-input MuiAutocomplete-inputFocused css-qwdxx6"/> from <div role="dialog" tabindex="-1" aria-modal="true" class="offcanvas offcanvas-end show">…</div> subtree intercepts pointer events
- retrying click action, attempt #36
-   waiting 500ms
-   waiting for element to be visible, enabled and stable
-   element is visible, enabled and stable
-   scrolling into view if needed
-   done scrolling
-   <input value="" type="text" id="project_id" role="combobox" autocomplete="off" spellcheck="false" aria-invalid="false" aria-expanded="false" autocapitalize="none" aria-autocomplete="list" placeholder="Select project" class="MuiInputBase-input MuiOutlinedInput-input MuiInputBase-inputAdornedEnd MuiAutocomplete-input MuiAutocomplete-inputFocused css-qwdxx6"/> from <div role="dialog" tabindex="-1" aria-modal="true" class="offcanvas offcanvas-end show">…</div> subtree intercepts pointer events
- retrying click action, attempt #37
-   waiting 500ms
-   waiting for element to be visible, enabled and stable
-   element is visible, enabled and stable
-   scrolling into view if needed
-   done scrolling
-   <input value="" type="text" id="project_id" role="combobox" autocomplete="off" spellcheck="false" aria-invalid="false" aria-expanded="false" autocapitalize="none" aria-autocomplete="list" placeholder="Select project" class="MuiInputBase-input MuiOutlinedInput-input MuiInputBase-inputAdornedEnd MuiAutocomplete-input MuiAutocomplete-inputFocused css-qwdxx6"/> from <div role="dialog" tabindex="-1" aria-modal="true" class="offcanvas offcanvas-end show">…</div> subtree intercepts pointer events
- retrying click action, attempt #38
-   waiting 500ms
-   waiting for element to be visible, enabled and stable
-   element is visible, enabled and stable
-   scrolling into view if needed
-   done scrolling
-   <input value="" type="text" id="project_id" role="combobox" autocomplete="off" spellcheck="false" aria-invalid="false" aria-expanded="false" autocapitalize="none" aria-autocomplete="list" placeholder="Select project" class="MuiInputBase-input MuiOutlinedInput-input MuiInputBase-inputAdornedEnd MuiAutocomplete-input MuiAutocomplete-inputFocused css-qwdxx6"/> from <div role="dialog" tabindex="-1" aria-modal="true" class="offcanvas offcanvas-end show">…</div> subtree intercepts pointer events
- retrying click action, attempt #39
-   waiting 500ms
-   waiting for element to be visible, enabled and stable
-   element is visible, enabled and stable
-   scrolling into view if needed
-   done scrolling
-   <input value="" type="text" id="project_id" role="combobox" autocomplete="off" spellcheck="false" aria-invalid="false" aria-expanded="false" autocapitalize="none" aria-autocomplete="list" placeholder="Select project" class="MuiInputBase-input MuiOutlinedInput-input MuiInputBase-inputAdornedEnd MuiAutocomplete-input MuiAutocomplete-inputFocused css-qwdxx6"/> from <div role="dialog" tabindex="-1" aria-modal="true" class="offcanvas offcanvas-end show">…</div> subtree intercepts pointer events
- retrying click action, attempt #40
-   waiting 500ms
-   waiting for element to be visible, enabled and stable
-   element is visible, enabled and stable
-   scrolling into view if needed
-   done scrolling
-   <input value="" type="text" id="project_id" role="combobox" autocomplete="off" spellcheck="false" aria-invalid="false" aria-expanded="false" autocapitalize="none" aria-autocomplete="list" placeholder="Select project" class="MuiInputBase-input MuiOutlinedInput-input MuiInputBase-inputAdornedEnd MuiAutocomplete-input MuiAutocomplete-inputFocused css-qwdxx6"/> from <div role="dialog" tabindex="-1" aria-modal="true" class="offcanvas offcanvas-end show">…</div> subtree intercepts pointer events
- retrying click action, attempt #41
-   waiting 500ms
-   waiting for element to be visible, enabled and stable
-   element is visible, enabled and stable
-   scrolling into view if needed
-   done scrolling
-   <input value="" type="text" id="project_id" role="combobox" autocomplete="off" spellcheck="false" aria-invalid="false" aria-expanded="false" autocapitalize="none" aria-autocomplete="list" placeholder="Select project" class="MuiInputBase-input MuiOutlinedInput-input MuiInputBase-inputAdornedEnd MuiAutocomplete-input MuiAutocomplete-inputFocused css-qwdxx6"/> from <div role="dialog" tabindex="-1" aria-modal="true" class="offcanvas offcanvas-end show">…</div> subtree intercepts pointer events
- retrying click action, attempt #42
-   waiting 500ms
-   waiting for element to be visible, enabled and stable
-   element is visible, enabled and stable
-   scrolling into view if needed
-   done scrolling
-   <input value="" type="text" id="project_id" role="combobox" autocomplete="off" spellcheck="false" aria-invalid="false" aria-expanded="false" autocapitalize="none" aria-autocomplete="list" placeholder="Select project" class="MuiInputBase-input MuiOutlinedInput-input MuiInputBase-inputAdornedEnd MuiAutocomplete-input MuiAutocomplete-inputFocused css-qwdxx6"/> from <div role="dialog" tabindex="-1" aria-modal="true" class="offcanvas offcanvas-end show">…</div> subtree intercepts pointer events
- retrying click action, attempt #43
-   waiting 500ms
-   waiting for element to be visible, enabled and stable
-   element is visible, enabled and stable
-   scrolling into view if needed
-   done scrolling
-   <input value="" type="text" id="project_id" role="combobox" autocomplete="off" spellcheck="false" aria-invalid="false" aria-expanded="false" autocapitalize="none" aria-autocomplete="list" placeholder="Select project" class="MuiInputBase-input MuiOutlinedInput-input MuiInputBase-inputAdornedEnd MuiAutocomplete-input MuiAutocomplete-inputFocused css-qwdxx6"/> from <div role="dialog" tabindex="-1" aria-modal="true" class="offcanvas offcanvas-end show">…</div> subtree intercepts pointer events
- retrying click action, attempt #44
-   waiting 500ms
-   waiting for element to be visible, enabled and stable
-   element is visible, enabled and stable
-   scrolling into view if needed
-   done scrolling
-   <input value="" type="text" id="project_id" role="combobox" autocomplete="off" spellcheck="false" aria-invalid="false" aria-expanded="false" autocapitalize="none" aria-autocomplete="list" placeholder="Select project" class="MuiInputBase-input MuiOutlinedInput-input MuiInputBase-inputAdornedEnd MuiAutocomplete-input MuiAutocomplete-inputFocused css-qwdxx6"/> from <div role="dialog" tabindex="-1" aria-modal="true" class="offcanvas offcanvas-end show">…</div> subtree intercepts pointer events
- retrying click action, attempt #45
-   waiting 500ms
-   waiting for element to be visible, enabled and stable
-   element is visible, enabled and stable
-   scrolling into view if needed
-   done scrolling
-   <input value="" type="text" id="project_id" role="combobox" autocomplete="off" spellcheck="false" aria-invalid="false" aria-expanded="false" autocapitalize="none" aria-autocomplete="list" placeholder="Select project" class="MuiInputBase-input MuiOutlinedInput-input MuiInputBase-inputAdornedEnd MuiAutocomplete-input MuiAutocomplete-inputFocused css-qwdxx6"/> from <div role="dialog" tabindex="-1" aria-modal="true" class="offcanvas offcanvas-end show">…</div> subtree intercepts pointer events
- retrying click action, attempt #46
-   waiting 500ms
-   waiting for element to be visible, enabled and stable
-   element is visible, enabled and stable
-   scrolling into view if needed
-   done scrolling
-   <input value="" type="text" id="project_id" role="combobox" autocomplete="off" spellcheck="false" aria-invalid="false" aria-expanded="false" autocapitalize="none" aria-autocomplete="list" placeholder="Select project" class="MuiInputBase-input MuiOutlinedInput-input MuiInputBase-inputAdornedEnd MuiAutocomplete-input MuiAutocomplete-inputFocused css-qwdxx6"/> from <div role="dialog" tabindex="-1" aria-modal="true" class="offcanvas offcanvas-end show">…</div> subtree intercepts pointer events
- retrying click action, attempt #47
-   waiting 500ms
-   waiting for element to be visible, enabled and stable
-   element is visible, enabled and stable
-   scrolling into view if needed
-   done scrolling
-   <input value="" type="text" id="project_id" role="combobox" autocomplete="off" spellcheck="false" aria-invalid="false" aria-expanded="false" autocapitalize="none" aria-autocomplete="list" placeholder="Select project" class="MuiInputBase-input MuiOutlinedInput-input MuiInputBase-inputAdornedEnd MuiAutocomplete-input MuiAutocomplete-inputFocused css-qwdxx6"/> from <div role="dialog" tabindex="-1" aria-modal="true" class="offcanvas offcanvas-end show">…</div> subtree intercepts pointer events
- retrying click action, attempt #48
-   waiting 500ms
-   waiting for element to be visible, enabled and stable
-   element is visible, enabled and stable
-   scrolling into view if needed
-   done scrolling
-   <input value="" type="text" id="project_id" role="combobox" autocomplete="off" spellcheck="false" aria-invalid="false" aria-expanded="false" autocapitalize="none" aria-autocomplete="list" placeholder="Select project" class="MuiInputBase-input MuiOutlinedInput-input MuiInputBase-inputAdornedEnd MuiAutocomplete-input MuiAutocomplete-inputFocused css-qwdxx6"/> from <div role="dialog" tabindex="-1" aria-modal="true" class="offcanvas offcanvas-end show">…</div> subtree intercepts pointer events
- retrying click action, attempt #49
-   waiting 500ms
-   waiting for element to be visible, enabled and stable
-   element is visible, enabled and stable
-   scrolling into view if needed
-   done scrolling
-   <input value="" type="text" id="project_id" role="combobox" autocomplete="off" spellcheck="false" aria-invalid="false" aria-expanded="false" autocapitalize="none" aria-autocomplete="list" placeholder="Select project" class="MuiInputBase-input MuiOutlinedInput-input MuiInputBase-inputAdornedEnd MuiAutocomplete-input MuiAutocomplete-inputFocused css-qwdxx6"/> from <div role="dialog" tabindex="-1" aria-modal="true" class="offcanvas offcanvas-end show">…</div> subtree intercepts pointer events
- retrying click action, attempt #50
-   waiting 500ms
-   waiting for element to be visible, enabled and stable
-   element is visible, enabled and stable
-   scrolling into view if needed
-   done scrolling
-   <input value="" type="text" id="project_id" role="combobox" autocomplete="off" spellcheck="false" aria-invalid="false" aria-expanded="false" autocapitalize="none" aria-autocomplete="list" placeholder="Select project" class="MuiInputBase-input MuiOutlinedInput-input MuiInputBase-inputAdornedEnd MuiAutocomplete-input MuiAutocomplete-inputFocused css-qwdxx6"/> from <div role="dialog" tabindex="-1" aria-modal="true" class="offcanvas offcanvas-end show">…</div> subtree intercepts pointer events
- retrying click action, attempt #51
-   waiting 500ms
-   waiting for element to be visible, enabled and stable
-   element is visible, enabled and stable
-   scrolling into view if needed
-   done scrolling
-   <input value="" type="text" id="project_id" role="combobox" autocomplete="off" spellcheck="false" aria-invalid="false" aria-expanded="false" autocapitalize="none" aria-autocomplete="list" placeholder="Select project" class="MuiInputBase-input MuiOutlinedInput-input MuiInputBase-inputAdornedEnd MuiAutocomplete-input MuiAutocomplete-inputFocused css-qwdxx6"/> from <div role="dialog" tabindex="-1" aria-modal="true" class="offcanvas offcanvas-end show">…</div> subtree intercepts pointer events
- retrying click action, attempt #52
-   waiting 500ms
-   waiting for element to be visible, enabled and stable
-   element is visible, enabled and stable
-   scrolling into view if needed
-   done scrolling
-   <input value="" type="text" id="project_id" role="combobox" autocomplete="off" spellcheck="false" aria-invalid="false" aria-expanded="false" autocapitalize="none" aria-autocomplete="list" placeholder="Select project" class="MuiInputBase-input MuiOutlinedInput-input MuiInputBase-inputAdornedEnd MuiAutocomplete-input MuiAutocomplete-inputFocused css-qwdxx6"/> from <div role="dialog" tabindex="-1" aria-modal="true" class="offcanvas offcanvas-end show">…</div> subtree intercepts pointer events
- retrying click action, attempt #53
-   waiting 500ms
-   waiting for element to be visible, enabled and stable
-   element is visible, enabled and stable
-   scrolling into view if needed
-   done scrolling
-   <input value="" type="text" id="project_id" role="combobox" autocomplete="off" spellcheck="false" aria-invalid="false" aria-expanded="false" autocapitalize="none" aria-autocomplete="list" placeholder="Select project" class="MuiInputBase-input MuiOutlinedInput-input MuiInputBase-inputAdornedEnd MuiAutocomplete-input MuiAutocomplete-inputFocused css-qwdxx6"/> from <div role="dialog" tabindex="-1" aria-modal="true" class="offcanvas offcanvas-end show">…</div> subtree intercepts pointer events
- retrying click action, attempt #54
-   waiting 500ms
-   waiting for element to be visible, enabled and stable
-   element is visible, enabled and stable
-   scrolling into view if needed
-   done scrolling
-   <input value="" type="text" id="project_id" role="combobox" autocomplete="off" spellcheck="false" aria-invalid="false" aria-expanded="false" autocapitalize="none" aria-autocomplete="list" placeholder="Select project" class="MuiInputBase-input MuiOutlinedInput-input MuiInputBase-inputAdornedEnd MuiAutocomplete-input MuiAutocomplete-inputFocused css-qwdxx6"/> from <div role="dialog" tabindex="-1" aria-modal="true" class="offcanvas offcanvas-end show">…</div> subtree intercepts pointer events
- retrying click action, attempt #55
-   waiting 500ms
-   waiting for element to be visible, enabled and stable
-   element is visible, enabled and stable
-   scrolling into view if needed
-   done scrolling
-   <input value="" type="text" id="project_id" role="combobox" autocomplete="off" spellcheck="false" aria-invalid="false" aria-expanded="false" autocapitalize="none" aria-autocomplete="list" placeholder="Select project" class="MuiInputBase-input MuiOutlinedInput-input MuiInputBase-inputAdornedEnd MuiAutocomplete-input MuiAutocomplete-inputFocused css-qwdxx6"/> from <div role="dialog" tabindex="-1" aria-modal="true" class="offcanvas offcanvas-end show">…</div> subtree intercepts pointer events
- retrying click action, attempt #56
-   waiting 500ms
-   waiting for element to be visible, enabled and stable
-   element is visible, enabled and stable
-   scrolling into view if needed
-   done scrolling
-   <input value="" type="text" id="project_id" role="combobox" autocomplete="off" spellcheck="false" aria-invalid="false" aria-expanded="false" autocapitalize="none" aria-autocomplete="list" placeholder="Select project" class="MuiInputBase-input MuiOutlinedInput-input MuiInputBase-inputAdornedEnd MuiAutocomplete-input MuiAutocomplete-inputFocused css-qwdxx6"/> from <div role="dialog" tabindex="-1" aria-modal="true" class="offcanvas offcanvas-end show">…</div> subtree intercepts pointer events
- retrying click action, attempt #57
-   waiting 500ms
-   waiting for element to be visible, enabled and stable
-   element is visible, enabled and stable
-   scrolling into view if needed
-   done scrolling
-   <input value="" type="text" id="project_id" role="combobox" autocomplete="off" spellcheck="false" aria-invalid="false" aria-expanded="false" autocapitalize="none" aria-autocomplete="list" placeholder="Select project" class="MuiInputBase-input MuiOutlinedInput-input MuiInputBase-inputAdornedEnd MuiAutocomplete-input MuiAutocomplete-inputFocused css-qwdxx6"/> from <div role="dialog" tabindex="-1" aria-modal="true" class="offcanvas offcanvas-end show">…</div> subtree intercepts pointer events
- retrying click action, attempt #58
-   waiting 500ms
-   waiting for element to be visible, enabled and stable
-   element is visible, enabled and stable
-   scrolling into view if needed
-   done scrolling
-   <input value="" type="text" id="project_id" role="combobox" autocomplete="off" spellcheck="false" aria-invalid="false" aria-expanded="false" autocapitalize="none" aria-autocomplete="list" placeholder="Select project" class="MuiInputBase-input MuiOutlinedInput-input MuiInputBase-inputAdornedEnd MuiAutocomplete-input MuiAutocomplete-inputFocused css-qwdxx6"/> from <div role="dialog" tabindex="-1" aria-modal="true" class="offcanvas offcanvas-end show">…</div> subtree intercepts pointer events
- retrying click action, attempt #59
-   waiting 500ms
-   waiting for element to be visible, enabled and stable
-   element is visible, enabled and stable
-   scrolling into view if needed
-   done scrolling
-   <input value="" type="text" id="project_id" role="combobox" autocomplete="off" spellcheck="false" aria-invalid="false" aria-expanded="false" autocapitalize="none" aria-autocomplete="list" placeholder="Select project" class="MuiInputBase-input MuiOutlinedInput-input MuiInputBase-inputAdornedEnd MuiAutocomplete-input MuiAutocomplete-inputFocused css-qwdxx6"/> from <div role="dialog" tabindex="-1" aria-modal="true" class="offcanvas offcanvas-end show">…</div> subtree intercepts pointer events
- retrying click action, attempt #60
-   waiting 500ms

at com.microsoft.playwright.impl.Connection.dispatch(Connection.java:254)
at com.microsoft.playwright.impl.Connection.processOneMessage(Connection.java:211)
at com.microsoft.playwright.impl.ChannelOwner.runUntil(ChannelOwner.java:118)
... 37 more
]]>
    </error>
  </testcase> <!-- addLogHours_validationErrors -->
</testsuite> <!-- playwrightLearning.Addtimesheetflow -->
