<?xml version="1.0" encoding="UTF-8"?>
<!-- Generated by org.testng.reporters.JUnitXMLReporter -->
<testsuite ignored="0" hostname="DESKTOP-O2UDVQ2" failures="2" tests="4" name="Default test" time="29.202" errors="0" timestamp="2025-09-30T12:09:46 IST">
  <testcase classname="pms.Addtaskflow" name="openTaskMenuTest" time="3.229"/>
  <testcase classname="pms.Addtaskflow" name="validateAddButtonWithoutProjectTest" time="2.409"/>
  <testcase classname="pms.Addtaskflow" name="addTaskWithMandatoryFieldsTest" time="0.18">
    <failure type="com.microsoft.playwright.PlaywrightException" message="Error {
  message=&amp;apos;Error: strict mode violation: getByRole(AriaRole.BUTTON, new Page.GetByRoleOptions().setName(&amp;quot;Add Task&amp;quot;)) resolved to 2 elements:
    1) &amp;lt;button tabindex=&amp;quot;0&amp;quot; type=&amp;quot;button&amp;quot; class=&amp;quot;MuiButtonBase-root MuiButton-root MuiButton-text MuiButton-textPrimary MuiButton-sizeMedium MuiButton-textSizeMedium MuiButton-colorPrimary MuiButton-root MuiButton-text MuiButton-textPrimary MuiButton-sizeMedium MuiButton-textSizeMedium MuiButton-colorPrimary rounded-0 rounded-start AddButton css-1c69r7k&amp;quot;&amp;gt;…&amp;lt;/button&amp;gt; aka locator(&amp;quot;#root&amp;quot;).getByRole(AriaRole.BUTTON, new Locator.GetByRoleOptions().setName(&amp;quot;Add Task&amp;quot;))
    2) &amp;lt;button class=&amp;quot;R_btn&amp;quot;&amp;gt;…&amp;lt;/button&amp;gt; aka getByRole(AriaRole.DIALOG).getByRole(AriaRole.BUTTON, new Locator.GetByRoleOptions().setName(&amp;quot;Add Task&amp;quot;))

  name=&amp;apos;Error
  stack=&amp;apos;Error: Error: strict mode violation: getByRole(AriaRole.BUTTON, new Page.GetByRoleOptions().setName(&amp;quot;Add Task&amp;quot;)) resolved to 2 elements:
    1) &amp;lt;button tabindex=&amp;quot;0&amp;quot; type=&amp;quot;button&amp;quot; class=&amp;quot;MuiButtonBase-root MuiButton-root MuiButton-text MuiButton-textPrimary MuiButton-sizeMedium MuiButton-textSizeMedium MuiButton-colorPrimary MuiButton-root MuiButton-text MuiButton-textPrimary MuiButton-sizeMedium MuiButton-textSizeMedium MuiButton-colorPrimary rounded-0 rounded-start AddButton css-1c69r7k&amp;quot;&amp;gt;…&amp;lt;/button&amp;gt; aka locator(&amp;quot;#root&amp;quot;).getByRole(AriaRole.BUTTON, new Locator.GetByRoleOptions().setName(&amp;quot;Add Task&amp;quot;))
    2) &amp;lt;button class=&amp;quot;R_btn&amp;quot;&amp;gt;…&amp;lt;/button&amp;gt; aka getByRole(AriaRole.DIALOG).getByRole(AriaRole.BUTTON, new Locator.GetByRoleOptions().setName(&amp;quot;Add Task&amp;quot;))

    at CRExecutionContext.evaluateWithArguments (C:\Users\AVITA\AppData\Local\Temp\playwright-java-2268728127584697532\package\lib\server\chromium\crExecutionContext.js:92:33)
    at async LongStandingScope._race (C:\Users\AVITA\AppData\Local\Temp\playwright-java-2268728127584697532\package\lib\utils\manualPromise.js:96:14)
    at async evaluateExpression (C:\Users\AVITA\AppData\Local\Temp\playwright-java-2268728127584697532\package\lib\server\javascript.js:242:12)
    at async C:\Users\AVITA\AppData\Local\Temp\playwright-java-2268728127584697532\package\lib\server\frames.js:959:22
    at async Frame.retryWithProgressAndTimeouts (C:\Users\AVITA\AppData\Local\Temp\playwright-java-2268728127584697532\package\lib\server\frames.js:929:24)
    at async C:\Users\AVITA\AppData\Local\Temp\playwright-java-2268728127584697532\package\lib\server\frames.js:1014:29
    at async ProgressController.run (C:\Users\AVITA\AppData\Local\Temp\playwright-java-2268728127584697532\package\lib\server\progress.js:82:22)
    at async FrameDispatcher.click (C:\Users\AVITA\AppData\Local\Temp\playwright-java-2268728127584697532\package\lib\server\dispatchers\frameDispatcher.js:157:12)
    at async LongStandingScope._race (C:\Users\AVITA\AppData\Local\Temp\playwright-java-2268728127584697532\package\lib\utils\manualPromise.js:96:14)
    at async FrameDispatcher._handleCommand (C:\Users\AVITA\AppData\Local\Temp\playwright-java-2268728127584697532\package\lib\server\dispatchers\dispatcher.js:96:14)
}
Call log:
- waiting for getByRole(AriaRole.BUTTON, new Page.GetByRoleOptions().setName(&amp;quot;Add Task&amp;quot;))
">
      <![CDATA[com.microsoft.playwright.PlaywrightException: Error {
  message='Error: strict mode violation: getByRole(AriaRole.BUTTON, new Page.GetByRoleOptions().setName("Add Task")) resolved to 2 elements:
    1) <button tabindex="0" type="button" class="MuiButtonBase-root MuiButton-root MuiButton-text MuiButton-textPrimary MuiButton-sizeMedium MuiButton-textSizeMedium MuiButton-colorPrimary MuiButton-root MuiButton-text MuiButton-textPrimary MuiButton-sizeMedium MuiButton-textSizeMedium MuiButton-colorPrimary rounded-0 rounded-start AddButton css-1c69r7k">…</button> aka locator("#root").getByRole(AriaRole.BUTTON, new Locator.GetByRoleOptions().setName("Add Task"))
    2) <button class="R_btn">…</button> aka getByRole(AriaRole.DIALOG).getByRole(AriaRole.BUTTON, new Locator.GetByRoleOptions().setName("Add Task"))

  name='Error
  stack='Error: Error: strict mode violation: getByRole(AriaRole.BUTTON, new Page.GetByRoleOptions().setName("Add Task")) resolved to 2 elements:
    1) <button tabindex="0" type="button" class="MuiButtonBase-root MuiButton-root MuiButton-text MuiButton-textPrimary MuiButton-sizeMedium MuiButton-textSizeMedium MuiButton-colorPrimary MuiButton-root MuiButton-text MuiButton-textPrimary MuiButton-sizeMedium MuiButton-textSizeMedium MuiButton-colorPrimary rounded-0 rounded-start AddButton css-1c69r7k">…</button> aka locator("#root").getByRole(AriaRole.BUTTON, new Locator.GetByRoleOptions().setName("Add Task"))
    2) <button class="R_btn">…</button> aka getByRole(AriaRole.DIALOG).getByRole(AriaRole.BUTTON, new Locator.GetByRoleOptions().setName("Add Task"))

    at CRExecutionContext.evaluateWithArguments (C:\Users\AVITA\AppData\Local\Temp\playwright-java-2268728127584697532\package\lib\server\chromium\crExecutionContext.js:92:33)
    at async LongStandingScope._race (C:\Users\AVITA\AppData\Local\Temp\playwright-java-2268728127584697532\package\lib\utils\manualPromise.js:96:14)
    at async evaluateExpression (C:\Users\AVITA\AppData\Local\Temp\playwright-java-2268728127584697532\package\lib\server\javascript.js:242:12)
    at async C:\Users\AVITA\AppData\Local\Temp\playwright-java-2268728127584697532\package\lib\server\frames.js:959:22
    at async Frame.retryWithProgressAndTimeouts (C:\Users\AVITA\AppData\Local\Temp\playwright-java-2268728127584697532\package\lib\server\frames.js:929:24)
    at async C:\Users\AVITA\AppData\Local\Temp\playwright-java-2268728127584697532\package\lib\server\frames.js:1014:29
    at async ProgressController.run (C:\Users\AVITA\AppData\Local\Temp\playwright-java-2268728127584697532\package\lib\server\progress.js:82:22)
    at async FrameDispatcher.click (C:\Users\AVITA\AppData\Local\Temp\playwright-java-2268728127584697532\package\lib\server\dispatchers\frameDispatcher.js:157:12)
    at async LongStandingScope._race (C:\Users\AVITA\AppData\Local\Temp\playwright-java-2268728127584697532\package\lib\utils\manualPromise.js:96:14)
    at async FrameDispatcher._handleCommand (C:\Users\AVITA\AppData\Local\Temp\playwright-java-2268728127584697532\package\lib\server\dispatchers\dispatcher.js:96:14)
}
Call log:
- waiting for getByRole(AriaRole.BUTTON, new Page.GetByRoleOptions().setName("Add Task"))

at com.microsoft.playwright.impl.WaitableResult.get(WaitableResult.java:56)
at com.microsoft.playwright.impl.ChannelOwner.runUntil(ChannelOwner.java:120)
at com.microsoft.playwright.impl.Connection.sendMessage(Connection.java:130)
at com.microsoft.playwright.impl.ChannelOwner.sendMessage(ChannelOwner.java:106)
at com.microsoft.playwright.impl.FrameImpl.clickImpl(FrameImpl.java:252)
at com.microsoft.playwright.impl.FrameImpl.lambda$click$8(FrameImpl.java:243)
at com.microsoft.playwright.impl.LoggingSupport.lambda$withLogging$0(LoggingSupport.java:36)
at com.microsoft.playwright.impl.LoggingSupport.withLogging(LoggingSupport.java:47)
at com.microsoft.playwright.impl.ChannelOwner.withLogging(ChannelOwner.java:89)
at com.microsoft.playwright.impl.LoggingSupport.withLogging(LoggingSupport.java:35)
at com.microsoft.playwright.impl.FrameImpl.click(FrameImpl.java:243)
at com.microsoft.playwright.impl.LocatorImpl.click(LocatorImpl.java:160)
at com.microsoft.playwright.Locator.click(Locator.java:2406)
at pms.Addtaskflow.addTaskWithMandatoryFieldsTest(Addtaskflow.java:134)
at java.base/jdk.internal.reflect.DirectMethodHandleAccessor.invoke(DirectMethodHandleAccessor.java:103)
at java.base/java.lang.reflect.Method.invoke(Method.java:580)
at org.testng.internal.invokers.MethodInvocationHelper.invokeMethod(MethodInvocationHelper.java:141)
at org.testng.internal.invokers.TestInvoker.invokeMethod(TestInvoker.java:686)
at org.testng.internal.invokers.TestInvoker.invokeTestMethod(TestInvoker.java:230)
at org.testng.internal.invokers.MethodRunner.runInSequence(MethodRunner.java:63)
at org.testng.internal.invokers.TestInvoker$MethodInvocationAgent.invoke(TestInvoker.java:992)
at org.testng.internal.invokers.TestInvoker.invokeTestMethods(TestInvoker.java:203)
at org.testng.internal.invokers.TestMethodWorker.invokeTestMethods(TestMethodWorker.java:154)
at org.testng.internal.invokers.TestMethodWorker.run(TestMethodWorker.java:134)
at java.base/java.util.ArrayList.forEach(ArrayList.java:1596)
at org.testng.TestRunner.privateRun(TestRunner.java:739)
at org.testng.TestRunner.run(TestRunner.java:614)
at org.testng.SuiteRunner.runTest(SuiteRunner.java:421)
at org.testng.SuiteRunner.runSequentially(SuiteRunner.java:413)
at org.testng.SuiteRunner.privateRun(SuiteRunner.java:373)
at org.testng.SuiteRunner.run(SuiteRunner.java:312)
at org.testng.SuiteRunnerWorker.runSuite(SuiteRunnerWorker.java:52)
at org.testng.SuiteRunnerWorker.run(SuiteRunnerWorker.java:95)
at org.testng.TestNG.runSuitesSequentially(TestNG.java:1274)
at org.testng.TestNG.runSuitesLocally(TestNG.java:1208)
at org.testng.TestNG.runSuites(TestNG.java:1112)
at org.testng.TestNG.run(TestNG.java:1079)
at org.testng.remote.AbstractRemoteTestNG.run(AbstractRemoteTestNG.java:115)
at org.testng.remote.RemoteTestNG.initAndRun(RemoteTestNG.java:293)
at org.testng.remote.RemoteTestNG.main(RemoteTestNG.java:91)
Caused by: com.microsoft.playwright.impl.DriverException: Error {
  message='Error: strict mode violation: getByRole(AriaRole.BUTTON, new Page.GetByRoleOptions().setName("Add Task")) resolved to 2 elements:
    1) <button tabindex="0" type="button" class="MuiButtonBase-root MuiButton-root MuiButton-text MuiButton-textPrimary MuiButton-sizeMedium MuiButton-textSizeMedium MuiButton-colorPrimary MuiButton-root MuiButton-text MuiButton-textPrimary MuiButton-sizeMedium MuiButton-textSizeMedium MuiButton-colorPrimary rounded-0 rounded-start AddButton css-1c69r7k">…</button> aka locator("#root").getByRole(AriaRole.BUTTON, new Locator.GetByRoleOptions().setName("Add Task"))
    2) <button class="R_btn">…</button> aka getByRole(AriaRole.DIALOG).getByRole(AriaRole.BUTTON, new Locator.GetByRoleOptions().setName("Add Task"))

  name='Error
  stack='Error: Error: strict mode violation: getByRole(AriaRole.BUTTON, new Page.GetByRoleOptions().setName("Add Task")) resolved to 2 elements:
    1) <button tabindex="0" type="button" class="MuiButtonBase-root MuiButton-root MuiButton-text MuiButton-textPrimary MuiButton-sizeMedium MuiButton-textSizeMedium MuiButton-colorPrimary MuiButton-root MuiButton-text MuiButton-textPrimary MuiButton-sizeMedium MuiButton-textSizeMedium MuiButton-colorPrimary rounded-0 rounded-start AddButton css-1c69r7k">…</button> aka locator("#root").getByRole(AriaRole.BUTTON, new Locator.GetByRoleOptions().setName("Add Task"))
    2) <button class="R_btn">…</button> aka getByRole(AriaRole.DIALOG).getByRole(AriaRole.BUTTON, new Locator.GetByRoleOptions().setName("Add Task"))

    at CRExecutionContext.evaluateWithArguments (C:\Users\AVITA\AppData\Local\Temp\playwright-java-2268728127584697532\package\lib\server\chromium\crExecutionContext.js:92:33)
    at async LongStandingScope._race (C:\Users\AVITA\AppData\Local\Temp\playwright-java-2268728127584697532\package\lib\utils\manualPromise.js:96:14)
    at async evaluateExpression (C:\Users\AVITA\AppData\Local\Temp\playwright-java-2268728127584697532\package\lib\server\javascript.js:242:12)
    at async C:\Users\AVITA\AppData\Local\Temp\playwright-java-2268728127584697532\package\lib\server\frames.js:959:22
    at async Frame.retryWithProgressAndTimeouts (C:\Users\AVITA\AppData\Local\Temp\playwright-java-2268728127584697532\package\lib\server\frames.js:929:24)
    at async C:\Users\AVITA\AppData\Local\Temp\playwright-java-2268728127584697532\package\lib\server\frames.js:1014:29
    at async ProgressController.run (C:\Users\AVITA\AppData\Local\Temp\playwright-java-2268728127584697532\package\lib\server\progress.js:82:22)
    at async FrameDispatcher.click (C:\Users\AVITA\AppData\Local\Temp\playwright-java-2268728127584697532\package\lib\server\dispatchers\frameDispatcher.js:157:12)
    at async LongStandingScope._race (C:\Users\AVITA\AppData\Local\Temp\playwright-java-2268728127584697532\package\lib\utils\manualPromise.js:96:14)
    at async FrameDispatcher._handleCommand (C:\Users\AVITA\AppData\Local\Temp\playwright-java-2268728127584697532\package\lib\server\dispatchers\dispatcher.js:96:14)
}
Call log:
- waiting for getByRole(AriaRole.BUTTON, new Page.GetByRoleOptions().setName("Add Task"))

at com.microsoft.playwright.impl.Connection.dispatch(Connection.java:259)
at com.microsoft.playwright.impl.Connection.processOneMessage(Connection.java:211)
at com.microsoft.playwright.impl.ChannelOwner.runUntil(ChannelOwner.java:118)
... 38 more
]]>
    </failure>
  </testcase> <!-- addTaskWithMandatoryFieldsTest -->
  <testcase classname="pms.Addtaskflow" name="addTaskWithAllFieldsTest" time="0.071">
    <failure type="com.microsoft.playwright.PlaywrightException" message="Error {
  message=&amp;apos;Error: strict mode violation: getByRole(AriaRole.BUTTON, new Page.GetByRoleOptions().setName(&amp;quot;Add Task&amp;quot;)) resolved to 2 elements:
    1) &amp;lt;button tabindex=&amp;quot;0&amp;quot; type=&amp;quot;button&amp;quot; class=&amp;quot;MuiButtonBase-root MuiButton-root MuiButton-text MuiButton-textPrimary MuiButton-sizeMedium MuiButton-textSizeMedium MuiButton-colorPrimary MuiButton-root MuiButton-text MuiButton-textPrimary MuiButton-sizeMedium MuiButton-textSizeMedium MuiButton-colorPrimary rounded-0 rounded-start AddButton css-1c69r7k&amp;quot;&amp;gt;…&amp;lt;/button&amp;gt; aka locator(&amp;quot;#root&amp;quot;).getByRole(AriaRole.BUTTON, new Locator.GetByRoleOptions().setName(&amp;quot;Add Task&amp;quot;))
    2) &amp;lt;button class=&amp;quot;R_btn&amp;quot;&amp;gt;…&amp;lt;/button&amp;gt; aka getByRole(AriaRole.DIALOG).getByRole(AriaRole.BUTTON, new Locator.GetByRoleOptions().setName(&amp;quot;Add Task&amp;quot;))

  name=&amp;apos;Error
  stack=&amp;apos;Error: Error: strict mode violation: getByRole(AriaRole.BUTTON, new Page.GetByRoleOptions().setName(&amp;quot;Add Task&amp;quot;)) resolved to 2 elements:
    1) &amp;lt;button tabindex=&amp;quot;0&amp;quot; type=&amp;quot;button&amp;quot; class=&amp;quot;MuiButtonBase-root MuiButton-root MuiButton-text MuiButton-textPrimary MuiButton-sizeMedium MuiButton-textSizeMedium MuiButton-colorPrimary MuiButton-root MuiButton-text MuiButton-textPrimary MuiButton-sizeMedium MuiButton-textSizeMedium MuiButton-colorPrimary rounded-0 rounded-start AddButton css-1c69r7k&amp;quot;&amp;gt;…&amp;lt;/button&amp;gt; aka locator(&amp;quot;#root&amp;quot;).getByRole(AriaRole.BUTTON, new Locator.GetByRoleOptions().setName(&amp;quot;Add Task&amp;quot;))
    2) &amp;lt;button class=&amp;quot;R_btn&amp;quot;&amp;gt;…&amp;lt;/button&amp;gt; aka getByRole(AriaRole.DIALOG).getByRole(AriaRole.BUTTON, new Locator.GetByRoleOptions().setName(&amp;quot;Add Task&amp;quot;))

    at CRExecutionContext.evaluateWithArguments (C:\Users\AVITA\AppData\Local\Temp\playwright-java-2268728127584697532\package\lib\server\chromium\crExecutionContext.js:92:33)
    at async LongStandingScope._race (C:\Users\AVITA\AppData\Local\Temp\playwright-java-2268728127584697532\package\lib\utils\manualPromise.js:96:14)
    at async evaluateExpression (C:\Users\AVITA\AppData\Local\Temp\playwright-java-2268728127584697532\package\lib\server\javascript.js:242:12)
    at async C:\Users\AVITA\AppData\Local\Temp\playwright-java-2268728127584697532\package\lib\server\frames.js:959:22
    at async Frame.retryWithProgressAndTimeouts (C:\Users\AVITA\AppData\Local\Temp\playwright-java-2268728127584697532\package\lib\server\frames.js:929:24)
    at async C:\Users\AVITA\AppData\Local\Temp\playwright-java-2268728127584697532\package\lib\server\frames.js:1014:29
    at async ProgressController.run (C:\Users\AVITA\AppData\Local\Temp\playwright-java-2268728127584697532\package\lib\server\progress.js:82:22)
    at async FrameDispatcher.click (C:\Users\AVITA\AppData\Local\Temp\playwright-java-2268728127584697532\package\lib\server\dispatchers\frameDispatcher.js:157:12)
    at async LongStandingScope._race (C:\Users\AVITA\AppData\Local\Temp\playwright-java-2268728127584697532\package\lib\utils\manualPromise.js:96:14)
    at async FrameDispatcher._handleCommand (C:\Users\AVITA\AppData\Local\Temp\playwright-java-2268728127584697532\package\lib\server\dispatchers\dispatcher.js:96:14)
}
Call log:
- waiting for getByRole(AriaRole.BUTTON, new Page.GetByRoleOptions().setName(&amp;quot;Add Task&amp;quot;))
">
      <![CDATA[com.microsoft.playwright.PlaywrightException: Error {
  message='Error: strict mode violation: getByRole(AriaRole.BUTTON, new Page.GetByRoleOptions().setName("Add Task")) resolved to 2 elements:
    1) <button tabindex="0" type="button" class="MuiButtonBase-root MuiButton-root MuiButton-text MuiButton-textPrimary MuiButton-sizeMedium MuiButton-textSizeMedium MuiButton-colorPrimary MuiButton-root MuiButton-text MuiButton-textPrimary MuiButton-sizeMedium MuiButton-textSizeMedium MuiButton-colorPrimary rounded-0 rounded-start AddButton css-1c69r7k">…</button> aka locator("#root").getByRole(AriaRole.BUTTON, new Locator.GetByRoleOptions().setName("Add Task"))
    2) <button class="R_btn">…</button> aka getByRole(AriaRole.DIALOG).getByRole(AriaRole.BUTTON, new Locator.GetByRoleOptions().setName("Add Task"))

  name='Error
  stack='Error: Error: strict mode violation: getByRole(AriaRole.BUTTON, new Page.GetByRoleOptions().setName("Add Task")) resolved to 2 elements:
    1) <button tabindex="0" type="button" class="MuiButtonBase-root MuiButton-root MuiButton-text MuiButton-textPrimary MuiButton-sizeMedium MuiButton-textSizeMedium MuiButton-colorPrimary MuiButton-root MuiButton-text MuiButton-textPrimary MuiButton-sizeMedium MuiButton-textSizeMedium MuiButton-colorPrimary rounded-0 rounded-start AddButton css-1c69r7k">…</button> aka locator("#root").getByRole(AriaRole.BUTTON, new Locator.GetByRoleOptions().setName("Add Task"))
    2) <button class="R_btn">…</button> aka getByRole(AriaRole.DIALOG).getByRole(AriaRole.BUTTON, new Locator.GetByRoleOptions().setName("Add Task"))

    at CRExecutionContext.evaluateWithArguments (C:\Users\AVITA\AppData\Local\Temp\playwright-java-2268728127584697532\package\lib\server\chromium\crExecutionContext.js:92:33)
    at async LongStandingScope._race (C:\Users\AVITA\AppData\Local\Temp\playwright-java-2268728127584697532\package\lib\utils\manualPromise.js:96:14)
    at async evaluateExpression (C:\Users\AVITA\AppData\Local\Temp\playwright-java-2268728127584697532\package\lib\server\javascript.js:242:12)
    at async C:\Users\AVITA\AppData\Local\Temp\playwright-java-2268728127584697532\package\lib\server\frames.js:959:22
    at async Frame.retryWithProgressAndTimeouts (C:\Users\AVITA\AppData\Local\Temp\playwright-java-2268728127584697532\package\lib\server\frames.js:929:24)
    at async C:\Users\AVITA\AppData\Local\Temp\playwright-java-2268728127584697532\package\lib\server\frames.js:1014:29
    at async ProgressController.run (C:\Users\AVITA\AppData\Local\Temp\playwright-java-2268728127584697532\package\lib\server\progress.js:82:22)
    at async FrameDispatcher.click (C:\Users\AVITA\AppData\Local\Temp\playwright-java-2268728127584697532\package\lib\server\dispatchers\frameDispatcher.js:157:12)
    at async LongStandingScope._race (C:\Users\AVITA\AppData\Local\Temp\playwright-java-2268728127584697532\package\lib\utils\manualPromise.js:96:14)
    at async FrameDispatcher._handleCommand (C:\Users\AVITA\AppData\Local\Temp\playwright-java-2268728127584697532\package\lib\server\dispatchers\dispatcher.js:96:14)
}
Call log:
- waiting for getByRole(AriaRole.BUTTON, new Page.GetByRoleOptions().setName("Add Task"))

at com.microsoft.playwright.impl.WaitableResult.get(WaitableResult.java:56)
at com.microsoft.playwright.impl.ChannelOwner.runUntil(ChannelOwner.java:120)
at com.microsoft.playwright.impl.Connection.sendMessage(Connection.java:130)
at com.microsoft.playwright.impl.ChannelOwner.sendMessage(ChannelOwner.java:106)
at com.microsoft.playwright.impl.FrameImpl.clickImpl(FrameImpl.java:252)
at com.microsoft.playwright.impl.FrameImpl.lambda$click$8(FrameImpl.java:243)
at com.microsoft.playwright.impl.LoggingSupport.lambda$withLogging$0(LoggingSupport.java:36)
at com.microsoft.playwright.impl.LoggingSupport.withLogging(LoggingSupport.java:47)
at com.microsoft.playwright.impl.ChannelOwner.withLogging(ChannelOwner.java:89)
at com.microsoft.playwright.impl.LoggingSupport.withLogging(LoggingSupport.java:35)
at com.microsoft.playwright.impl.FrameImpl.click(FrameImpl.java:243)
at com.microsoft.playwright.impl.LocatorImpl.click(LocatorImpl.java:160)
at com.microsoft.playwright.Locator.click(Locator.java:2406)
at pms.Addtaskflow.addTaskWithAllFieldsTest(Addtaskflow.java:162)
at java.base/jdk.internal.reflect.DirectMethodHandleAccessor.invoke(DirectMethodHandleAccessor.java:103)
at java.base/java.lang.reflect.Method.invoke(Method.java:580)
at org.testng.internal.invokers.MethodInvocationHelper.invokeMethod(MethodInvocationHelper.java:141)
at org.testng.internal.invokers.TestInvoker.invokeMethod(TestInvoker.java:686)
at org.testng.internal.invokers.TestInvoker.invokeTestMethod(TestInvoker.java:230)
at org.testng.internal.invokers.MethodRunner.runInSequence(MethodRunner.java:63)
at org.testng.internal.invokers.TestInvoker$MethodInvocationAgent.invoke(TestInvoker.java:992)
at org.testng.internal.invokers.TestInvoker.invokeTestMethods(TestInvoker.java:203)
at org.testng.internal.invokers.TestMethodWorker.invokeTestMethods(TestMethodWorker.java:154)
at org.testng.internal.invokers.TestMethodWorker.run(TestMethodWorker.java:134)
at java.base/java.util.ArrayList.forEach(ArrayList.java:1596)
at org.testng.TestRunner.privateRun(TestRunner.java:739)
at org.testng.TestRunner.run(TestRunner.java:614)
at org.testng.SuiteRunner.runTest(SuiteRunner.java:421)
at org.testng.SuiteRunner.runSequentially(SuiteRunner.java:413)
at org.testng.SuiteRunner.privateRun(SuiteRunner.java:373)
at org.testng.SuiteRunner.run(SuiteRunner.java:312)
at org.testng.SuiteRunnerWorker.runSuite(SuiteRunnerWorker.java:52)
at org.testng.SuiteRunnerWorker.run(SuiteRunnerWorker.java:95)
at org.testng.TestNG.runSuitesSequentially(TestNG.java:1274)
at org.testng.TestNG.runSuitesLocally(TestNG.java:1208)
at org.testng.TestNG.runSuites(TestNG.java:1112)
at org.testng.TestNG.run(TestNG.java:1079)
at org.testng.remote.AbstractRemoteTestNG.run(AbstractRemoteTestNG.java:115)
at org.testng.remote.RemoteTestNG.initAndRun(RemoteTestNG.java:293)
at org.testng.remote.RemoteTestNG.main(RemoteTestNG.java:91)
Caused by: com.microsoft.playwright.impl.DriverException: Error {
  message='Error: strict mode violation: getByRole(AriaRole.BUTTON, new Page.GetByRoleOptions().setName("Add Task")) resolved to 2 elements:
    1) <button tabindex="0" type="button" class="MuiButtonBase-root MuiButton-root MuiButton-text MuiButton-textPrimary MuiButton-sizeMedium MuiButton-textSizeMedium MuiButton-colorPrimary MuiButton-root MuiButton-text MuiButton-textPrimary MuiButton-sizeMedium MuiButton-textSizeMedium MuiButton-colorPrimary rounded-0 rounded-start AddButton css-1c69r7k">…</button> aka locator("#root").getByRole(AriaRole.BUTTON, new Locator.GetByRoleOptions().setName("Add Task"))
    2) <button class="R_btn">…</button> aka getByRole(AriaRole.DIALOG).getByRole(AriaRole.BUTTON, new Locator.GetByRoleOptions().setName("Add Task"))

  name='Error
  stack='Error: Error: strict mode violation: getByRole(AriaRole.BUTTON, new Page.GetByRoleOptions().setName("Add Task")) resolved to 2 elements:
    1) <button tabindex="0" type="button" class="MuiButtonBase-root MuiButton-root MuiButton-text MuiButton-textPrimary MuiButton-sizeMedium MuiButton-textSizeMedium MuiButton-colorPrimary MuiButton-root MuiButton-text MuiButton-textPrimary MuiButton-sizeMedium MuiButton-textSizeMedium MuiButton-colorPrimary rounded-0 rounded-start AddButton css-1c69r7k">…</button> aka locator("#root").getByRole(AriaRole.BUTTON, new Locator.GetByRoleOptions().setName("Add Task"))
    2) <button class="R_btn">…</button> aka getByRole(AriaRole.DIALOG).getByRole(AriaRole.BUTTON, new Locator.GetByRoleOptions().setName("Add Task"))

    at CRExecutionContext.evaluateWithArguments (C:\Users\AVITA\AppData\Local\Temp\playwright-java-2268728127584697532\package\lib\server\chromium\crExecutionContext.js:92:33)
    at async LongStandingScope._race (C:\Users\AVITA\AppData\Local\Temp\playwright-java-2268728127584697532\package\lib\utils\manualPromise.js:96:14)
    at async evaluateExpression (C:\Users\AVITA\AppData\Local\Temp\playwright-java-2268728127584697532\package\lib\server\javascript.js:242:12)
    at async C:\Users\AVITA\AppData\Local\Temp\playwright-java-2268728127584697532\package\lib\server\frames.js:959:22
    at async Frame.retryWithProgressAndTimeouts (C:\Users\AVITA\AppData\Local\Temp\playwright-java-2268728127584697532\package\lib\server\frames.js:929:24)
    at async C:\Users\AVITA\AppData\Local\Temp\playwright-java-2268728127584697532\package\lib\server\frames.js:1014:29
    at async ProgressController.run (C:\Users\AVITA\AppData\Local\Temp\playwright-java-2268728127584697532\package\lib\server\progress.js:82:22)
    at async FrameDispatcher.click (C:\Users\AVITA\AppData\Local\Temp\playwright-java-2268728127584697532\package\lib\server\dispatchers\frameDispatcher.js:157:12)
    at async LongStandingScope._race (C:\Users\AVITA\AppData\Local\Temp\playwright-java-2268728127584697532\package\lib\utils\manualPromise.js:96:14)
    at async FrameDispatcher._handleCommand (C:\Users\AVITA\AppData\Local\Temp\playwright-java-2268728127584697532\package\lib\server\dispatchers\dispatcher.js:96:14)
}
Call log:
- waiting for getByRole(AriaRole.BUTTON, new Page.GetByRoleOptions().setName("Add Task"))

at com.microsoft.playwright.impl.Connection.dispatch(Connection.java:259)
at com.microsoft.playwright.impl.Connection.processOneMessage(Connection.java:211)
at com.microsoft.playwright.impl.ChannelOwner.runUntil(ChannelOwner.java:118)
... 38 more
]]>
    </failure>
  </testcase> <!-- addTaskWithAllFieldsTest -->
</testsuite> <!-- Default test -->
